{"D:\\MyProject\\Aplikasi Pengeluaran Uang\\backend\\controllers\\auth.controller.js": {"path":"D:\\MyProject\\Aplikasi Pengeluaran Uang\\backend\\controllers\\auth.controller.js","statementMap":{"0":{"start":{"line":1,"column":11},"end":{"line":1,"column":31}},"1":{"start":{"line":2,"column":17},"end":{"line":2,"column":19}},"2":{"start":{"line":3,"column":39},"end":{"line":3,"column":62}},"3":{"start":{"line":4,"column":23},"end":{"line":4,"column":55}},"4":{"start":{"line":5,"column":43},"end":{"line":5,"column":79}},"5":{"start":{"line":9,"column":4},"end":{"line":43,"column":5}},"6":{"start":{"line":10,"column":40},"end":{"line":10,"column":48}},"7":{"start":{"line":12,"column":27},"end":{"line":12,"column":67}},"8":{"start":{"line":13,"column":6},"end":{"line":19,"column":7}},"9":{"start":{"line":14,"column":8},"end":{"line":18,"column":10}},"10":{"start":{"line":21,"column":22},"end":{"line":21,"column":66}},"11":{"start":{"line":23,"column":21},"end":{"line":23,"column":63}},"12":{"start":{"line":25,"column":27},"end":{"line":32,"column":7}},"13":{"start":{"line":34,"column":6},"end":{"line":39,"column":8}},"14":{"start":{"line":41,"column":6},"end":{"line":41,"column":46}},"15":{"start":{"line":42,"column":6},"end":{"line":42,"column":39}},"16":{"start":{"line":47,"column":4},"end":{"line":87,"column":5}},"17":{"start":{"line":48,"column":34},"end":{"line":48,"column":42}},"18":{"start":{"line":50,"column":19},"end":{"line":50,"column":81}},"19":{"start":{"line":51,"column":6},"end":{"line":57,"column":7}},"20":{"start":{"line":52,"column":8},"end":{"line":56,"column":10}},"21":{"start":{"line":59,"column":30},"end":{"line":59,"column":66}},"22":{"start":{"line":60,"column":6},"end":{"line":66,"column":7}},"23":{"start":{"line":61,"column":8},"end":{"line":65,"column":10}},"24":{"start":{"line":68,"column":21},"end":{"line":68,"column":60}},"25":{"start":{"line":70,"column":27},"end":{"line":77,"column":7}},"26":{"start":{"line":79,"column":6},"end":{"line":83,"column":8}},"27":{"start":{"line":85,"column":6},"end":{"line":85,"column":43}},"28":{"start":{"line":86,"column":6},"end":{"line":86,"column":39}},"29":{"start":{"line":91,"column":4},"end":{"line":106,"column":5}},"30":{"start":{"line":92,"column":19},"end":{"line":92,"column":51}},"31":{"start":{"line":94,"column":6},"end":{"line":100,"column":7}},"32":{"start":{"line":95,"column":8},"end":{"line":99,"column":10}},"33":{"start":{"line":102,"column":6},"end":{"line":102,"column":47}},"34":{"start":{"line":104,"column":6},"end":{"line":104,"column":49}},"35":{"start":{"line":105,"column":6},"end":{"line":105,"column":39}},"36":{"start":{"line":110,"column":4},"end":{"line":121,"column":5}},"37":{"start":{"line":111,"column":6},"end":{"line":111,"column":52}},"38":{"start":{"line":113,"column":6},"end":{"line":117,"column":8}},"39":{"start":{"line":119,"column":6},"end":{"line":119,"column":44}},"40":{"start":{"line":120,"column":6},"end":{"line":120,"column":39}},"41":{"start":{"line":125,"column":4},"end":{"line":149,"column":5}},"42":{"start":{"line":126,"column":31},"end":{"line":126,"column":39}},"43":{"start":{"line":127,"column":22},"end":{"line":127,"column":58}},"44":{"start":{"line":128,"column":6},"end":{"line":134,"column":7}},"45":{"start":{"line":129,"column":8},"end":{"line":133,"column":10}},"46":{"start":{"line":136,"column":29},"end":{"line":139,"column":7}},"47":{"start":{"line":141,"column":6},"end":{"line":145,"column":8}},"48":{"start":{"line":147,"column":6},"end":{"line":147,"column":51}},"49":{"start":{"line":148,"column":6},"end":{"line":148,"column":39}},"50":{"start":{"line":154,"column":20},"end":{"line":154,"column":54}},"51":{"start":{"line":155,"column":4},"end":{"line":158,"column":6}},"52":{"start":{"line":163,"column":0},"end":{"line":169,"column":2}}},"fnMap":{"0":{"name":"(anonymous_0)","decl":{"start":{"line":8,"column":2},"end":{"line":8,"column":3}},"loc":{"start":{"line":8,"column":34},"end":{"line":44,"column":3}},"line":8},"1":{"name":"(anonymous_1)","decl":{"start":{"line":46,"column":2},"end":{"line":46,"column":3}},"loc":{"start":{"line":46,"column":31},"end":{"line":88,"column":3}},"line":46},"2":{"name":"(anonymous_2)","decl":{"start":{"line":90,"column":2},"end":{"line":90,"column":3}},"loc":{"start":{"line":90,"column":28},"end":{"line":107,"column":3}},"line":90},"3":{"name":"(anonymous_3)","decl":{"start":{"line":109,"column":2},"end":{"line":109,"column":3}},"loc":{"start":{"line":109,"column":32},"end":{"line":122,"column":3}},"line":109},"4":{"name":"(anonymous_4)","decl":{"start":{"line":124,"column":2},"end":{"line":124,"column":3}},"loc":{"start":{"line":124,"column":38},"end":{"line":150,"column":3}},"line":124},"5":{"name":"(anonymous_5)","decl":{"start":{"line":153,"column":2},"end":{"line":153,"column":3}},"loc":{"start":{"line":153,"column":34},"end":{"line":159,"column":3}},"line":153}},"branchMap":{"0":{"loc":{"start":{"line":13,"column":6},"end":{"line":19,"column":7}},"type":"if","locations":[{"start":{"line":13,"column":6},"end":{"line":19,"column":7}},{"start":{},"end":{}}],"line":13},"1":{"loc":{"start":{"line":51,"column":6},"end":{"line":57,"column":7}},"type":"if","locations":[{"start":{"line":51,"column":6},"end":{"line":57,"column":7}},{"start":{},"end":{}}],"line":51},"2":{"loc":{"start":{"line":60,"column":6},"end":{"line":66,"column":7}},"type":"if","locations":[{"start":{"line":60,"column":6},"end":{"line":66,"column":7}},{"start":{},"end":{}}],"line":60},"3":{"loc":{"start":{"line":94,"column":6},"end":{"line":100,"column":7}},"type":"if","locations":[{"start":{"line":94,"column":6},"end":{"line":100,"column":7}},{"start":{},"end":{}}],"line":94},"4":{"loc":{"start":{"line":128,"column":6},"end":{"line":134,"column":7}},"type":"if","locations":[{"start":{"line":128,"column":6},"end":{"line":134,"column":7}},{"start":{},"end":{}}],"line":128}},"s":{"0":3,"1":3,"2":3,"3":3,"4":3,"5":3,"6":3,"7":3,"8":3,"9":1,"10":2,"11":2,"12":2,"13":2,"14":0,"15":0,"16":8,"17":8,"18":8,"19":8,"20":1,"21":7,"22":7,"23":1,"24":6,"25":6,"26":6,"27":0,"28":0,"29":1,"30":1,"31":1,"32":0,"33":1,"34":0,"35":0,"36":0,"37":0,"38":0,"39":0,"40":0,"41":0,"42":0,"43":0,"44":0,"45":0,"46":0,"47":0,"48":0,"49":0,"50":8,"51":8,"52":3},"f":{"0":3,"1":8,"2":1,"3":0,"4":0,"5":8},"b":{"0":[1,2],"1":[1,7],"2":[1,6],"3":[0,1],"4":[0,0]},"_coverageSchema":"1a1c01bbd47fc00a2c39e90264f33305004495a9","hash":"0d793fe2880cfc08429db1fd11faad9b4ac00faf"}
,"D:\\MyProject\\Aplikasi Pengeluaran Uang\\backend\\controllers\\budget.controller.js": {"path":"D:\\MyProject\\Aplikasi Pengeluaran Uang\\backend\\controllers\\budget.controller.js","statementMap":{"0":{"start":{"line":1,"column":11},"end":{"line":1,"column":31}},"1":{"start":{"line":2,"column":19},"end":{"line":2,"column":21}},"2":{"start":{"line":3,"column":22},"end":{"line":3,"column":63}},"3":{"start":{"line":4,"column":23},"end":{"line":4,"column":55}},"4":{"start":{"line":5,"column":43},"end":{"line":5,"column":79}},"5":{"start":{"line":9,"column":4},"end":{"line":36,"column":5}},"6":{"start":{"line":10,"column":21},"end":{"line":10,"column":32}},"7":{"start":{"line":11,"column":21},"end":{"line":11,"column":71}},"8":{"start":{"line":13,"column":30},"end":{"line":16,"column":7}},"9":{"start":{"line":18,"column":6},"end":{"line":23,"column":8}},"10":{"start":{"line":25,"column":6},"end":{"line":25,"column":51}},"11":{"start":{"line":27,"column":6},"end":{"line":33,"column":7}},"12":{"start":{"line":28,"column":8},"end":{"line":32,"column":10}},"13":{"start":{"line":35,"column":6},"end":{"line":35,"column":39}},"14":{"start":{"line":40,"column":4},"end":{"line":57,"column":5}},"15":{"start":{"line":41,"column":21},"end":{"line":41,"column":32}},"16":{"start":{"line":42,"column":22},"end":{"line":42,"column":71}},"17":{"start":{"line":44,"column":31},"end":{"line":47,"column":9}},"18":{"start":{"line":44,"column":54},"end":{"line":47,"column":7}},"19":{"start":{"line":49,"column":6},"end":{"line":53,"column":8}},"20":{"start":{"line":55,"column":6},"end":{"line":55,"column":49}},"21":{"start":{"line":56,"column":6},"end":{"line":56,"column":39}},"22":{"start":{"line":61,"column":4},"end":{"line":93,"column":5}},"23":{"start":{"line":62,"column":21},"end":{"line":62,"column":32}},"24":{"start":{"line":63,"column":21},"end":{"line":63,"column":31}},"25":{"start":{"line":64,"column":27},"end":{"line":64,"column":74}},"26":{"start":{"line":66,"column":6},"end":{"line":72,"column":7}},"27":{"start":{"line":67,"column":8},"end":{"line":71,"column":10}},"28":{"start":{"line":75,"column":30},"end":{"line":83,"column":7}},"29":{"start":{"line":85,"column":6},"end":{"line":89,"column":8}},"30":{"start":{"line":91,"column":6},"end":{"line":91,"column":55}},"31":{"start":{"line":92,"column":6},"end":{"line":92,"column":39}},"32":{"start":{"line":97,"column":4},"end":{"line":123,"column":5}},"33":{"start":{"line":98,"column":21},"end":{"line":98,"column":32}},"34":{"start":{"line":99,"column":21},"end":{"line":99,"column":31}},"35":{"start":{"line":101,"column":21},"end":{"line":103,"column":8}},"36":{"start":{"line":105,"column":6},"end":{"line":111,"column":7}},"37":{"start":{"line":106,"column":8},"end":{"line":110,"column":10}},"38":{"start":{"line":113,"column":28},"end":{"line":113,"column":57}},"39":{"start":{"line":115,"column":6},"end":{"line":119,"column":8}},"40":{"start":{"line":121,"column":6},"end":{"line":121,"column":51}},"41":{"start":{"line":122,"column":6},"end":{"line":122,"column":39}},"42":{"start":{"line":127,"column":4},"end":{"line":151,"column":5}},"43":{"start":{"line":128,"column":21},"end":{"line":128,"column":32}},"44":{"start":{"line":129,"column":21},"end":{"line":129,"column":31}},"45":{"start":{"line":131,"column":22},"end":{"line":133,"column":8}},"46":{"start":{"line":135,"column":6},"end":{"line":141,"column":7}},"47":{"start":{"line":136,"column":8},"end":{"line":140,"column":10}},"48":{"start":{"line":143,"column":6},"end":{"line":147,"column":8}},"49":{"start":{"line":149,"column":6},"end":{"line":149,"column":51}},"50":{"start":{"line":150,"column":6},"end":{"line":150,"column":39}},"51":{"start":{"line":155,"column":0},"end":{"line":155,"column":34}}},"fnMap":{"0":{"name":"(anonymous_0)","decl":{"start":{"line":8,"column":2},"end":{"line":8,"column":3}},"loc":{"start":{"line":8,"column":38},"end":{"line":37,"column":3}},"line":8},"1":{"name":"(anonymous_1)","decl":{"start":{"line":39,"column":2},"end":{"line":39,"column":3}},"loc":{"start":{"line":39,"column":36},"end":{"line":58,"column":3}},"line":39},"2":{"name":"(anonymous_2)","decl":{"start":{"line":44,"column":43},"end":{"line":44,"column":44}},"loc":{"start":{"line":44,"column":54},"end":{"line":47,"column":7}},"line":44},"3":{"name":"(anonymous_3)","decl":{"start":{"line":60,"column":2},"end":{"line":60,"column":3}},"loc":{"start":{"line":60,"column":41},"end":{"line":94,"column":3}},"line":60},"4":{"name":"(anonymous_4)","decl":{"start":{"line":96,"column":2},"end":{"line":96,"column":3}},"loc":{"start":{"line":96,"column":38},"end":{"line":124,"column":3}},"line":96},"5":{"name":"(anonymous_5)","decl":{"start":{"line":126,"column":2},"end":{"line":126,"column":3}},"loc":{"start":{"line":126,"column":38},"end":{"line":152,"column":3}},"line":126}},"branchMap":{"0":{"loc":{"start":{"line":27,"column":6},"end":{"line":33,"column":7}},"type":"if","locations":[{"start":{"line":27,"column":6},"end":{"line":33,"column":7}},{"start":{},"end":{}}],"line":27},"1":{"loc":{"start":{"line":66,"column":6},"end":{"line":72,"column":7}},"type":"if","locations":[{"start":{"line":66,"column":6},"end":{"line":72,"column":7}},{"start":{},"end":{}}],"line":66},"2":{"loc":{"start":{"line":78,"column":18},"end":{"line":82,"column":16}},"type":"cond-expr","locations":[{"start":{"line":78,"column":42},"end":{"line":82,"column":9}},{"start":{"line":82,"column":12},"end":{"line":82,"column":16}}],"line":78},"3":{"loc":{"start":{"line":105,"column":6},"end":{"line":111,"column":7}},"type":"if","locations":[{"start":{"line":105,"column":6},"end":{"line":111,"column":7}},{"start":{},"end":{}}],"line":105},"4":{"loc":{"start":{"line":135,"column":6},"end":{"line":141,"column":7}},"type":"if","locations":[{"start":{"line":135,"column":6},"end":{"line":141,"column":7}},{"start":{},"end":{}}],"line":135}},"s":{"0":3,"1":3,"2":3,"3":3,"4":3,"5":3,"6":3,"7":3,"8":2,"9":2,"10":1,"11":1,"12":1,"13":0,"14":1,"15":1,"16":1,"17":1,"18":1,"19":1,"20":0,"21":0,"22":1,"23":1,"24":1,"25":1,"26":1,"27":0,"28":1,"29":1,"30":0,"31":0,"32":0,"33":0,"34":0,"35":0,"36":0,"37":0,"38":0,"39":0,"40":0,"41":0,"42":0,"43":0,"44":0,"45":0,"46":0,"47":0,"48":0,"49":0,"50":0,"51":3},"f":{"0":3,"1":1,"2":1,"3":1,"4":0,"5":0},"b":{"0":[1,0],"1":[0,1],"2":[1,0],"3":[0,0],"4":[0,0]},"_coverageSchema":"1a1c01bbd47fc00a2c39e90264f33305004495a9","hash":"47d69bb1304578803b03d83f313a553acecd084b"}
,"D:\\MyProject\\Aplikasi Pengeluaran Uang\\backend\\controllers\\category.controller.js": {"path":"D:\\MyProject\\Aplikasi Pengeluaran Uang\\backend\\controllers\\category.controller.js","statementMap":{"0":{"start":{"line":1,"column":11},"end":{"line":1,"column":31}},"1":{"start":{"line":2,"column":21},"end":{"line":2,"column":23}},"2":{"start":{"line":3,"column":23},"end":{"line":3,"column":55}},"3":{"start":{"line":4,"column":43},"end":{"line":4,"column":79}},"4":{"start":{"line":6,"column":27},"end":{"line":23,"column":1}},"5":{"start":{"line":27,"column":4},"end":{"line":49,"column":5}},"6":{"start":{"line":28,"column":23},"end":{"line":28,"column":32}},"7":{"start":{"line":29,"column":26},"end":{"line":29,"column":71}},"8":{"start":{"line":31,"column":23},"end":{"line":34,"column":8}},"9":{"start":{"line":37,"column":6},"end":{"line":39,"column":7}},"10":{"start":{"line":38,"column":8},"end":{"line":38,"column":81}},"11":{"start":{"line":41,"column":6},"end":{"line":45,"column":8}},"12":{"start":{"line":47,"column":6},"end":{"line":47,"column":52}},"13":{"start":{"line":48,"column":6},"end":{"line":48,"column":39}},"14":{"start":{"line":53,"column":4},"end":{"line":83,"column":5}},"15":{"start":{"line":54,"column":42},"end":{"line":54,"column":50}},"16":{"start":{"line":57,"column":6},"end":{"line":63,"column":7}},"17":{"start":{"line":58,"column":8},"end":{"line":62,"column":10}},"18":{"start":{"line":65,"column":27},"end":{"line":70,"column":7}},"19":{"start":{"line":72,"column":23},"end":{"line":72,"column":58}},"20":{"start":{"line":74,"column":6},"end":{"line":79,"column":8}},"21":{"start":{"line":81,"column":6},"end":{"line":81,"column":53}},"22":{"start":{"line":82,"column":6},"end":{"line":82,"column":39}},"23":{"start":{"line":87,"column":4},"end":{"line":125,"column":5}},"24":{"start":{"line":88,"column":21},"end":{"line":88,"column":31}},"25":{"start":{"line":89,"column":42},"end":{"line":89,"column":50}},"26":{"start":{"line":91,"column":23},"end":{"line":91,"column":50}},"27":{"start":{"line":92,"column":6},"end":{"line":98,"column":7}},"28":{"start":{"line":93,"column":8},"end":{"line":97,"column":10}},"29":{"start":{"line":101,"column":6},"end":{"line":107,"column":7}},"30":{"start":{"line":102,"column":8},"end":{"line":106,"column":10}},"31":{"start":{"line":109,"column":25},"end":{"line":109,"column":27}},"32":{"start":{"line":110,"column":6},"end":{"line":110,"column":39}},"33":{"start":{"line":110,"column":16},"end":{"line":110,"column":39}},"34":{"start":{"line":111,"column":6},"end":{"line":111,"column":39}},"35":{"start":{"line":111,"column":16},"end":{"line":111,"column":39}},"36":{"start":{"line":112,"column":6},"end":{"line":112,"column":39}},"37":{"start":{"line":112,"column":16},"end":{"line":112,"column":39}},"38":{"start":{"line":113,"column":6},"end":{"line":113,"column":42}},"39":{"start":{"line":113,"column":17},"end":{"line":113,"column":42}},"40":{"start":{"line":115,"column":30},"end":{"line":115,"column":63}},"41":{"start":{"line":117,"column":6},"end":{"line":121,"column":8}},"42":{"start":{"line":123,"column":6},"end":{"line":123,"column":53}},"43":{"start":{"line":124,"column":6},"end":{"line":124,"column":39}},"44":{"start":{"line":129,"column":4},"end":{"line":152,"column":5}},"45":{"start":{"line":130,"column":21},"end":{"line":130,"column":31}},"46":{"start":{"line":132,"column":22},"end":{"line":134,"column":8}},"47":{"start":{"line":136,"column":6},"end":{"line":142,"column":7}},"48":{"start":{"line":137,"column":8},"end":{"line":141,"column":10}},"49":{"start":{"line":144,"column":6},"end":{"line":148,"column":8}},"50":{"start":{"line":150,"column":6},"end":{"line":150,"column":53}},"51":{"start":{"line":151,"column":6},"end":{"line":151,"column":39}},"52":{"start":{"line":157,"column":24},"end":{"line":157,"column":26}},"53":{"start":{"line":158,"column":4},"end":{"line":160,"column":5}},"54":{"start":{"line":159,"column":6},"end":{"line":159,"column":38}},"55":{"start":{"line":161,"column":4},"end":{"line":161,"column":23}},"56":{"start":{"line":165,"column":4},"end":{"line":165,"column":48}},"57":{"start":{"line":169,"column":4},"end":{"line":171,"column":6}},"58":{"start":{"line":170,"column":37},"end":{"line":170,"column":65}},"59":{"start":{"line":173,"column":4},"end":{"line":176,"column":7}},"60":{"start":{"line":181,"column":0},"end":{"line":186,"column":2}}},"fnMap":{"0":{"name":"(anonymous_0)","decl":{"start":{"line":26,"column":2},"end":{"line":26,"column":3}},"loc":{"start":{"line":26,"column":39},"end":{"line":50,"column":3}},"line":26},"1":{"name":"(anonymous_1)","decl":{"start":{"line":52,"column":2},"end":{"line":52,"column":3}},"loc":{"start":{"line":52,"column":40},"end":{"line":84,"column":3}},"line":52},"2":{"name":"(anonymous_2)","decl":{"start":{"line":86,"column":2},"end":{"line":86,"column":3}},"loc":{"start":{"line":86,"column":40},"end":{"line":126,"column":3}},"line":86},"3":{"name":"(anonymous_3)","decl":{"start":{"line":128,"column":2},"end":{"line":128,"column":3}},"loc":{"start":{"line":128,"column":40},"end":{"line":153,"column":3}},"line":128},"4":{"name":"(anonymous_4)","decl":{"start":{"line":156,"column":2},"end":{"line":156,"column":3}},"loc":{"start":{"line":156,"column":35},"end":{"line":162,"column":3}},"line":156},"5":{"name":"(anonymous_5)","decl":{"start":{"line":164,"column":2},"end":{"line":164,"column":3}},"loc":{"start":{"line":164,"column":35},"end":{"line":166,"column":3}},"line":164},"6":{"name":"(anonymous_6)","decl":{"start":{"line":168,"column":2},"end":{"line":168,"column":3}},"loc":{"start":{"line":168,"column":50},"end":{"line":177,"column":3}},"line":168},"7":{"name":"(anonymous_7)","decl":{"start":{"line":170,"column":29},"end":{"line":170,"column":30}},"loc":{"start":{"line":170,"column":37},"end":{"line":170,"column":65}},"line":170}},"branchMap":{"0":{"loc":{"start":{"line":37,"column":6},"end":{"line":39,"column":7}},"type":"if","locations":[{"start":{"line":37,"column":6},"end":{"line":39,"column":7}},{"start":{},"end":{}}],"line":37},"1":{"loc":{"start":{"line":57,"column":6},"end":{"line":63,"column":7}},"type":"if","locations":[{"start":{"line":57,"column":6},"end":{"line":63,"column":7}},{"start":{},"end":{}}],"line":57},"2":{"loc":{"start":{"line":68,"column":14},"end":{"line":68,"column":26}},"type":"binary-expr","locations":[{"start":{"line":68,"column":14},"end":{"line":68,"column":18}},{"start":{"line":68,"column":22},"end":{"line":68,"column":26}}],"line":68},"3":{"loc":{"start":{"line":69,"column":15},"end":{"line":69,"column":33}},"type":"binary-expr","locations":[{"start":{"line":69,"column":15},"end":{"line":69,"column":20}},{"start":{"line":69,"column":24},"end":{"line":69,"column":33}}],"line":69},"4":{"loc":{"start":{"line":92,"column":6},"end":{"line":98,"column":7}},"type":"if","locations":[{"start":{"line":92,"column":6},"end":{"line":98,"column":7}},{"start":{},"end":{}}],"line":92},"5":{"loc":{"start":{"line":101,"column":6},"end":{"line":107,"column":7}},"type":"if","locations":[{"start":{"line":101,"column":6},"end":{"line":107,"column":7}},{"start":{},"end":{}}],"line":101},"6":{"loc":{"start":{"line":101,"column":10},"end":{"line":101,"column":63}},"type":"binary-expr","locations":[{"start":{"line":101,"column":10},"end":{"line":101,"column":14}},{"start":{"line":101,"column":18},"end":{"line":101,"column":63}}],"line":101},"7":{"loc":{"start":{"line":110,"column":6},"end":{"line":110,"column":39}},"type":"if","locations":[{"start":{"line":110,"column":6},"end":{"line":110,"column":39}},{"start":{},"end":{}}],"line":110},"8":{"loc":{"start":{"line":111,"column":6},"end":{"line":111,"column":39}},"type":"if","locations":[{"start":{"line":111,"column":6},"end":{"line":111,"column":39}},{"start":{},"end":{}}],"line":111},"9":{"loc":{"start":{"line":112,"column":6},"end":{"line":112,"column":39}},"type":"if","locations":[{"start":{"line":112,"column":6},"end":{"line":112,"column":39}},{"start":{},"end":{}}],"line":112},"10":{"loc":{"start":{"line":113,"column":6},"end":{"line":113,"column":42}},"type":"if","locations":[{"start":{"line":113,"column":6},"end":{"line":113,"column":42}},{"start":{},"end":{}}],"line":113},"11":{"loc":{"start":{"line":136,"column":6},"end":{"line":142,"column":7}},"type":"if","locations":[{"start":{"line":136,"column":6},"end":{"line":142,"column":7}},{"start":{},"end":{}}],"line":136},"12":{"loc":{"start":{"line":158,"column":4},"end":{"line":160,"column":5}},"type":"if","locations":[{"start":{"line":158,"column":4},"end":{"line":160,"column":5}},{"start":{},"end":{}}],"line":158},"13":{"loc":{"start":{"line":158,"column":8},"end":{"line":158,"column":68}},"type":"binary-expr","locations":[{"start":{"line":158,"column":8},"end":{"line":158,"column":20}},{"start":{"line":158,"column":24},"end":{"line":158,"column":68}}],"line":158}},"s":{"0":3,"1":3,"2":3,"3":3,"4":3,"5":0,"6":0,"7":0,"8":0,"9":0,"10":0,"11":0,"12":0,"13":0,"14":0,"15":0,"16":0,"17":0,"18":0,"19":0,"20":0,"21":0,"22":0,"23":0,"24":0,"25":0,"26":0,"27":0,"28":0,"29":0,"30":0,"31":0,"32":0,"33":0,"34":0,"35":0,"36":0,"37":0,"38":0,"39":0,"40":0,"41":0,"42":0,"43":0,"44":0,"45":0,"46":0,"47":0,"48":0,"49":0,"50":0,"51":0,"52":0,"53":0,"54":0,"55":0,"56":0,"57":0,"58":0,"59":0,"60":3},"f":{"0":0,"1":0,"2":0,"3":0,"4":0,"5":0,"6":0,"7":0},"b":{"0":[0,0],"1":[0,0],"2":[0,0],"3":[0,0],"4":[0,0],"5":[0,0],"6":[0,0],"7":[0,0],"8":[0,0],"9":[0,0],"10":[0,0],"11":[0,0],"12":[0,0],"13":[0,0]},"_coverageSchema":"1a1c01bbd47fc00a2c39e90264f33305004495a9","hash":"ad5285744ab0aac047fa94c584e160b51be80bd2"}
,"D:\\MyProject\\Aplikasi Pengeluaran Uang\\backend\\controllers\\notification.controller.js": {"path":"D:\\MyProject\\Aplikasi Pengeluaran Uang\\backend\\controllers\\notification.controller.js","statementMap":{"0":{"start":{"line":1,"column":28},"end":{"line":1,"column":75}},"1":{"start":{"line":2,"column":23},"end":{"line":2,"column":55}},"2":{"start":{"line":3,"column":43},"end":{"line":3,"column":79}},"3":{"start":{"line":7,"column":4},"end":{"line":26,"column":5}},"4":{"start":{"line":8,"column":21},"end":{"line":8,"column":32}},"5":{"start":{"line":9,"column":22},"end":{"line":14,"column":7}},"6":{"start":{"line":16,"column":21},"end":{"line":16,"column":80}},"7":{"start":{"line":18,"column":6},"end":{"line":22,"column":8}},"8":{"start":{"line":24,"column":6},"end":{"line":24,"column":55}},"9":{"start":{"line":25,"column":6},"end":{"line":25,"column":39}},"10":{"start":{"line":30,"column":4},"end":{"line":52,"column":5}},"11":{"start":{"line":31,"column":21},"end":{"line":31,"column":32}},"12":{"start":{"line":32,"column":35},"end":{"line":32,"column":43}},"13":{"start":{"line":34,"column":6},"end":{"line":40,"column":7}},"14":{"start":{"line":35,"column":8},"end":{"line":39,"column":10}},"15":{"start":{"line":42,"column":27},"end":{"line":42,"column":89}},"16":{"start":{"line":44,"column":6},"end":{"line":48,"column":8}},"17":{"start":{"line":50,"column":6},"end":{"line":50,"column":64}},"18":{"start":{"line":51,"column":6},"end":{"line":51,"column":39}},"19":{"start":{"line":56,"column":4},"end":{"line":68,"column":5}},"20":{"start":{"line":57,"column":21},"end":{"line":57,"column":32}},"21":{"start":{"line":58,"column":27},"end":{"line":58,"column":74}},"22":{"start":{"line":60,"column":6},"end":{"line":64,"column":8}},"23":{"start":{"line":66,"column":6},"end":{"line":66,"column":68}},"24":{"start":{"line":67,"column":6},"end":{"line":67,"column":39}},"25":{"start":{"line":72,"column":4},"end":{"line":94,"column":5}},"26":{"start":{"line":73,"column":21},"end":{"line":73,"column":32}},"27":{"start":{"line":74,"column":21},"end":{"line":74,"column":31}},"28":{"start":{"line":76,"column":22},"end":{"line":76,"column":78}},"29":{"start":{"line":78,"column":6},"end":{"line":84,"column":7}},"30":{"start":{"line":79,"column":8},"end":{"line":83,"column":10}},"31":{"start":{"line":86,"column":6},"end":{"line":90,"column":8}},"32":{"start":{"line":92,"column":6},"end":{"line":92,"column":57}},"33":{"start":{"line":93,"column":6},"end":{"line":93,"column":39}},"34":{"start":{"line":98,"column":4},"end":{"line":110,"column":5}},"35":{"start":{"line":99,"column":21},"end":{"line":99,"column":32}},"36":{"start":{"line":100,"column":20},"end":{"line":100,"column":68}},"37":{"start":{"line":102,"column":6},"end":{"line":106,"column":8}},"38":{"start":{"line":108,"column":6},"end":{"line":108,"column":54}},"39":{"start":{"line":109,"column":6},"end":{"line":109,"column":39}},"40":{"start":{"line":114,"column":0},"end":{"line":114,"column":40}}},"fnMap":{"0":{"name":"(anonymous_0)","decl":{"start":{"line":6,"column":2},"end":{"line":6,"column":3}},"loc":{"start":{"line":6,"column":42},"end":{"line":27,"column":3}},"line":6},"1":{"name":"(anonymous_1)","decl":{"start":{"line":29,"column":2},"end":{"line":29,"column":3}},"loc":{"start":{"line":29,"column":36},"end":{"line":53,"column":3}},"line":29},"2":{"name":"(anonymous_2)","decl":{"start":{"line":55,"column":2},"end":{"line":55,"column":3}},"loc":{"start":{"line":55,"column":39},"end":{"line":69,"column":3}},"line":55},"3":{"name":"(anonymous_3)","decl":{"start":{"line":71,"column":2},"end":{"line":71,"column":3}},"loc":{"start":{"line":71,"column":44},"end":{"line":95,"column":3}},"line":71},"4":{"name":"(anonymous_4)","decl":{"start":{"line":97,"column":2},"end":{"line":97,"column":3}},"loc":{"start":{"line":97,"column":40},"end":{"line":111,"column":3}},"line":97}},"branchMap":{"0":{"loc":{"start":{"line":12,"column":15},"end":{"line":12,"column":36}},"type":"binary-expr","locations":[{"start":{"line":12,"column":15},"end":{"line":12,"column":30}},{"start":{"line":12,"column":34},"end":{"line":12,"column":36}}],"line":12},"1":{"loc":{"start":{"line":13,"column":16},"end":{"line":13,"column":37}},"type":"binary-expr","locations":[{"start":{"line":13,"column":16},"end":{"line":13,"column":32}},{"start":{"line":13,"column":36},"end":{"line":13,"column":37}}],"line":13},"2":{"loc":{"start":{"line":34,"column":6},"end":{"line":40,"column":7}},"type":"if","locations":[{"start":{"line":34,"column":6},"end":{"line":40,"column":7}},{"start":{},"end":{}}],"line":34},"3":{"loc":{"start":{"line":34,"column":10},"end":{"line":34,"column":63}},"type":"binary-expr","locations":[{"start":{"line":34,"column":10},"end":{"line":34,"column":27}},{"start":{"line":34,"column":31},"end":{"line":34,"column":63}}],"line":34},"4":{"loc":{"start":{"line":78,"column":6},"end":{"line":84,"column":7}},"type":"if","locations":[{"start":{"line":78,"column":6},"end":{"line":84,"column":7}},{"start":{},"end":{}}],"line":78}},"s":{"0":3,"1":3,"2":3,"3":0,"4":0,"5":0,"6":0,"7":0,"8":0,"9":0,"10":0,"11":0,"12":0,"13":0,"14":0,"15":0,"16":0,"17":0,"18":0,"19":0,"20":0,"21":0,"22":0,"23":0,"24":0,"25":0,"26":0,"27":0,"28":0,"29":0,"30":0,"31":0,"32":0,"33":0,"34":0,"35":0,"36":0,"37":0,"38":0,"39":0,"40":3},"f":{"0":0,"1":0,"2":0,"3":0,"4":0},"b":{"0":[0,0],"1":[0,0],"2":[0,0],"3":[0,0],"4":[0,0]},"_coverageSchema":"1a1c01bbd47fc00a2c39e90264f33305004495a9","hash":"a4bd00c3f6fd8d8b4e45deeb19aa93d113e91d8a"}
,"D:\\MyProject\\Aplikasi Pengeluaran Uang\\backend\\controllers\\reminder.controller.js": {"path":"D:\\MyProject\\Aplikasi Pengeluaran Uang\\backend\\controllers\\reminder.controller.js","statementMap":{"0":{"start":{"line":1,"column":24},"end":{"line":1,"column":67}},"1":{"start":{"line":2,"column":23},"end":{"line":2,"column":55}},"2":{"start":{"line":3,"column":43},"end":{"line":3,"column":79}},"3":{"start":{"line":7,"column":4},"end":{"line":20,"column":5}},"4":{"start":{"line":8,"column":21},"end":{"line":8,"column":32}},"5":{"start":{"line":9,"column":23},"end":{"line":9,"column":77}},"6":{"start":{"line":11,"column":6},"end":{"line":16,"column":8}},"7":{"start":{"line":18,"column":6},"end":{"line":18,"column":53}},"8":{"start":{"line":19,"column":6},"end":{"line":19,"column":39}},"9":{"start":{"line":24,"column":4},"end":{"line":36,"column":5}},"10":{"start":{"line":25,"column":21},"end":{"line":25,"column":32}},"11":{"start":{"line":26,"column":24},"end":{"line":26,"column":77}},"12":{"start":{"line":28,"column":6},"end":{"line":32,"column":8}},"13":{"start":{"line":34,"column":6},"end":{"line":34,"column":51}},"14":{"start":{"line":35,"column":6},"end":{"line":35,"column":39}},"15":{"start":{"line":40,"column":4},"end":{"line":63,"column":5}},"16":{"start":{"line":41,"column":21},"end":{"line":41,"column":32}},"17":{"start":{"line":42,"column":21},"end":{"line":42,"column":31}},"18":{"start":{"line":44,"column":30},"end":{"line":44,"column":88}},"19":{"start":{"line":46,"column":6},"end":{"line":50,"column":8}},"20":{"start":{"line":52,"column":6},"end":{"line":52,"column":53}},"21":{"start":{"line":54,"column":6},"end":{"line":60,"column":7}},"22":{"start":{"line":55,"column":8},"end":{"line":59,"column":10}},"23":{"start":{"line":62,"column":6},"end":{"line":62,"column":39}},"24":{"start":{"line":67,"column":4},"end":{"line":89,"column":5}},"25":{"start":{"line":68,"column":21},"end":{"line":68,"column":32}},"26":{"start":{"line":69,"column":21},"end":{"line":69,"column":31}},"27":{"start":{"line":71,"column":22},"end":{"line":71,"column":70}},"28":{"start":{"line":73,"column":6},"end":{"line":79,"column":7}},"29":{"start":{"line":74,"column":8},"end":{"line":78,"column":10}},"30":{"start":{"line":81,"column":6},"end":{"line":85,"column":8}},"31":{"start":{"line":87,"column":6},"end":{"line":87,"column":53}},"32":{"start":{"line":88,"column":6},"end":{"line":88,"column":39}},"33":{"start":{"line":93,"column":4},"end":{"line":116,"column":5}},"34":{"start":{"line":94,"column":21},"end":{"line":94,"column":32}},"35":{"start":{"line":95,"column":21},"end":{"line":95,"column":31}},"36":{"start":{"line":97,"column":23},"end":{"line":97,"column":71}},"37":{"start":{"line":99,"column":6},"end":{"line":103,"column":8}},"38":{"start":{"line":105,"column":6},"end":{"line":105,"column":53}},"39":{"start":{"line":107,"column":6},"end":{"line":113,"column":7}},"40":{"start":{"line":108,"column":8},"end":{"line":112,"column":10}},"41":{"start":{"line":115,"column":6},"end":{"line":115,"column":39}},"42":{"start":{"line":120,"column":4},"end":{"line":131,"column":5}},"43":{"start":{"line":121,"column":24},"end":{"line":121,"column":67}},"44":{"start":{"line":123,"column":6},"end":{"line":127,"column":8}},"45":{"start":{"line":129,"column":6},"end":{"line":129,"column":57}},"46":{"start":{"line":130,"column":6},"end":{"line":130,"column":39}},"47":{"start":{"line":135,"column":4},"end":{"line":148,"column":5}},"48":{"start":{"line":138,"column":21},"end":{"line":138,"column":64}},"49":{"start":{"line":140,"column":6},"end":{"line":144,"column":8}},"50":{"start":{"line":146,"column":6},"end":{"line":146,"column":59}},"51":{"start":{"line":147,"column":6},"end":{"line":147,"column":39}},"52":{"start":{"line":152,"column":0},"end":{"line":152,"column":36}}},"fnMap":{"0":{"name":"(anonymous_0)","decl":{"start":{"line":6,"column":2},"end":{"line":6,"column":3}},"loc":{"start":{"line":6,"column":40},"end":{"line":21,"column":3}},"line":6},"1":{"name":"(anonymous_1)","decl":{"start":{"line":23,"column":2},"end":{"line":23,"column":3}},"loc":{"start":{"line":23,"column":38},"end":{"line":37,"column":3}},"line":23},"2":{"name":"(anonymous_2)","decl":{"start":{"line":39,"column":2},"end":{"line":39,"column":3}},"loc":{"start":{"line":39,"column":40},"end":{"line":64,"column":3}},"line":39},"3":{"name":"(anonymous_3)","decl":{"start":{"line":66,"column":2},"end":{"line":66,"column":3}},"loc":{"start":{"line":66,"column":40},"end":{"line":90,"column":3}},"line":66},"4":{"name":"(anonymous_4)","decl":{"start":{"line":92,"column":2},"end":{"line":92,"column":3}},"loc":{"start":{"line":92,"column":40},"end":{"line":117,"column":3}},"line":92},"5":{"name":"(anonymous_5)","decl":{"start":{"line":119,"column":2},"end":{"line":119,"column":3}},"loc":{"start":{"line":119,"column":43},"end":{"line":132,"column":3}},"line":119},"6":{"name":"(anonymous_6)","decl":{"start":{"line":134,"column":2},"end":{"line":134,"column":3}},"loc":{"start":{"line":134,"column":45},"end":{"line":149,"column":3}},"line":134}},"branchMap":{"0":{"loc":{"start":{"line":54,"column":6},"end":{"line":60,"column":7}},"type":"if","locations":[{"start":{"line":54,"column":6},"end":{"line":60,"column":7}},{"start":{},"end":{}}],"line":54},"1":{"loc":{"start":{"line":73,"column":6},"end":{"line":79,"column":7}},"type":"if","locations":[{"start":{"line":73,"column":6},"end":{"line":79,"column":7}},{"start":{},"end":{}}],"line":73},"2":{"loc":{"start":{"line":102,"column":20},"end":{"line":102,"column":68}},"type":"cond-expr","locations":[{"start":{"line":102,"column":41},"end":{"line":102,"column":52}},{"start":{"line":102,"column":55},"end":{"line":102,"column":68}}],"line":102},"3":{"loc":{"start":{"line":107,"column":6},"end":{"line":113,"column":7}},"type":"if","locations":[{"start":{"line":107,"column":6},"end":{"line":113,"column":7}},{"start":{},"end":{}}],"line":107}},"s":{"0":3,"1":3,"2":3,"3":0,"4":0,"5":0,"6":0,"7":0,"8":0,"9":0,"10":0,"11":0,"12":0,"13":0,"14":0,"15":0,"16":0,"17":0,"18":0,"19":0,"20":0,"21":0,"22":0,"23":0,"24":0,"25":0,"26":0,"27":0,"28":0,"29":0,"30":0,"31":0,"32":0,"33":0,"34":0,"35":0,"36":0,"37":0,"38":0,"39":0,"40":0,"41":0,"42":0,"43":0,"44":0,"45":0,"46":0,"47":0,"48":0,"49":0,"50":0,"51":0,"52":3},"f":{"0":0,"1":0,"2":0,"3":0,"4":0,"5":0,"6":0},"b":{"0":[0,0],"1":[0,0],"2":[0,0],"3":[0,0]},"_coverageSchema":"1a1c01bbd47fc00a2c39e90264f33305004495a9","hash":"df10c28ee3ba15d8347e1860d9cc5e9021c0519d"}
,"D:\\MyProject\\Aplikasi Pengeluaran Uang\\backend\\controllers\\report.controller.js": {"path":"D:\\MyProject\\Aplikasi Pengeluaran Uang\\backend\\controllers\\report.controller.js","statementMap":{"0":{"start":{"line":1,"column":22},"end":{"line":1,"column":63}},"1":{"start":{"line":2,"column":23},"end":{"line":2,"column":55}},"2":{"start":{"line":3,"column":43},"end":{"line":3,"column":79}},"3":{"start":{"line":7,"column":4},"end":{"line":34,"column":5}},"4":{"start":{"line":8,"column":21},"end":{"line":8,"column":32}},"5":{"start":{"line":9,"column":48},"end":{"line":9,"column":57}},"6":{"start":{"line":11,"column":6},"end":{"line":17,"column":7}},"7":{"start":{"line":12,"column":8},"end":{"line":16,"column":10}},"8":{"start":{"line":19,"column":22},"end":{"line":24,"column":7}},"9":{"start":{"line":26,"column":6},"end":{"line":30,"column":8}},"10":{"start":{"line":32,"column":6},"end":{"line":32,"column":59}},"11":{"start":{"line":33,"column":6},"end":{"line":33,"column":39}},"12":{"start":{"line":38,"column":4},"end":{"line":64,"column":5}},"13":{"start":{"line":39,"column":21},"end":{"line":39,"column":32}},"14":{"start":{"line":40,"column":49},"end":{"line":40,"column":58}},"15":{"start":{"line":42,"column":6},"end":{"line":48,"column":7}},"16":{"start":{"line":43,"column":8},"end":{"line":47,"column":10}},"17":{"start":{"line":50,"column":21},"end":{"line":54,"column":7}},"18":{"start":{"line":56,"column":6},"end":{"line":60,"column":8}},"19":{"start":{"line":62,"column":6},"end":{"line":62,"column":56}},"20":{"start":{"line":63,"column":6},"end":{"line":63,"column":39}},"21":{"start":{"line":68,"column":4},"end":{"line":99,"column":5}},"22":{"start":{"line":69,"column":21},"end":{"line":69,"column":32}},"23":{"start":{"line":74,"column":10},"end":{"line":74,"column":19}},"24":{"start":{"line":76,"column":6},"end":{"line":82,"column":7}},"25":{"start":{"line":77,"column":8},"end":{"line":81,"column":10}},"26":{"start":{"line":84,"column":28},"end":{"line":89,"column":7}},"27":{"start":{"line":91,"column":6},"end":{"line":95,"column":8}},"28":{"start":{"line":97,"column":6},"end":{"line":97,"column":56}},"29":{"start":{"line":98,"column":6},"end":{"line":98,"column":39}},"30":{"start":{"line":103,"column":4},"end":{"line":115,"column":5}},"31":{"start":{"line":104,"column":21},"end":{"line":104,"column":32}},"32":{"start":{"line":105,"column":29},"end":{"line":105,"column":74}},"33":{"start":{"line":107,"column":6},"end":{"line":111,"column":8}},"34":{"start":{"line":113,"column":6},"end":{"line":113,"column":57}},"35":{"start":{"line":114,"column":6},"end":{"line":114,"column":39}},"36":{"start":{"line":119,"column":4},"end":{"line":143,"column":5}},"37":{"start":{"line":120,"column":21},"end":{"line":120,"column":32}},"38":{"start":{"line":122,"column":48},"end":{"line":126,"column":8}},"39":{"start":{"line":128,"column":23},"end":{"line":128,"column":89}},"40":{"start":{"line":130,"column":6},"end":{"line":139,"column":8}},"41":{"start":{"line":135,"column":52},"end":{"line":135,"column":122}},"42":{"start":{"line":141,"column":6},"end":{"line":141,"column":50}},"43":{"start":{"line":142,"column":6},"end":{"line":142,"column":39}},"44":{"start":{"line":148,"column":21},"end":{"line":148,"column":23}},"45":{"start":{"line":151,"column":28},"end":{"line":151,"column":88}},"46":{"start":{"line":151,"column":55},"end":{"line":151,"column":80}},"47":{"start":{"line":152,"column":31},"end":{"line":152,"column":97}},"48":{"start":{"line":152,"column":58},"end":{"line":152,"column":89}},"49":{"start":{"line":154,"column":4},"end":{"line":161,"column":5}},"50":{"start":{"line":155,"column":6},"end":{"line":160,"column":9}},"51":{"start":{"line":163,"column":4},"end":{"line":170,"column":5}},"52":{"start":{"line":164,"column":6},"end":{"line":169,"column":9}},"53":{"start":{"line":173,"column":4},"end":{"line":191,"column":5}},"54":{"start":{"line":174,"column":28},"end":{"line":174,"column":87}},"55":{"start":{"line":176,"column":6},"end":{"line":190,"column":7}},"56":{"start":{"line":177,"column":8},"end":{"line":182,"column":11}},"57":{"start":{"line":183,"column":13},"end":{"line":190,"column":7}},"58":{"start":{"line":184,"column":8},"end":{"line":189,"column":11}},"59":{"start":{"line":194,"column":4},"end":{"line":208,"column":5}},"60":{"start":{"line":195,"column":6},"end":{"line":200,"column":9}},"61":{"start":{"line":201,"column":11},"end":{"line":208,"column":5}},"62":{"start":{"line":202,"column":6},"end":{"line":207,"column":9}},"63":{"start":{"line":210,"column":4},"end":{"line":210,"column":20}},"64":{"start":{"line":214,"column":0},"end":{"line":214,"column":34}}},"fnMap":{"0":{"name":"(anonymous_0)","decl":{"start":{"line":6,"column":2},"end":{"line":6,"column":3}},"loc":{"start":{"line":6,"column":45},"end":{"line":35,"column":3}},"line":6},"1":{"name":"(anonymous_1)","decl":{"start":{"line":37,"column":2},"end":{"line":37,"column":3}},"loc":{"start":{"line":37,"column":42},"end":{"line":65,"column":3}},"line":37},"2":{"name":"(anonymous_2)","decl":{"start":{"line":67,"column":2},"end":{"line":67,"column":3}},"loc":{"start":{"line":67,"column":42},"end":{"line":100,"column":3}},"line":67},"3":{"name":"(anonymous_3)","decl":{"start":{"line":102,"column":2},"end":{"line":102,"column":3}},"loc":{"start":{"line":102,"column":43},"end":{"line":116,"column":3}},"line":102},"4":{"name":"(anonymous_4)","decl":{"start":{"line":118,"column":2},"end":{"line":118,"column":3}},"loc":{"start":{"line":118,"column":37},"end":{"line":144,"column":3}},"line":118},"5":{"name":"(anonymous_5)","decl":{"start":{"line":135,"column":47},"end":{"line":135,"column":48}},"loc":{"start":{"line":135,"column":52},"end":{"line":135,"column":122}},"line":135},"6":{"name":"(anonymous_6)","decl":{"start":{"line":147,"column":2},"end":{"line":147,"column":3}},"loc":{"start":{"line":147,"column":59},"end":{"line":211,"column":3}},"line":147},"7":{"name":"(anonymous_7)","decl":{"start":{"line":151,"column":50},"end":{"line":151,"column":51}},"loc":{"start":{"line":151,"column":55},"end":{"line":151,"column":80}},"line":151},"8":{"name":"(anonymous_8)","decl":{"start":{"line":152,"column":53},"end":{"line":152,"column":54}},"loc":{"start":{"line":152,"column":58},"end":{"line":152,"column":89}},"line":152}},"branchMap":{"0":{"loc":{"start":{"line":9,"column":14},"end":{"line":9,"column":30}},"type":"default-arg","locations":[{"start":{"line":9,"column":23},"end":{"line":9,"column":30}}],"line":9},"1":{"loc":{"start":{"line":11,"column":6},"end":{"line":17,"column":7}},"type":"if","locations":[{"start":{"line":11,"column":6},"end":{"line":17,"column":7}},{"start":{},"end":{}}],"line":11},"2":{"loc":{"start":{"line":22,"column":8},"end":{"line":22,"column":36}},"type":"cond-expr","locations":[{"start":{"line":22,"column":15},"end":{"line":22,"column":29}},{"start":{"line":22,"column":32},"end":{"line":22,"column":36}}],"line":22},"3":{"loc":{"start":{"line":23,"column":8},"end":{"line":23,"column":38}},"type":"cond-expr","locations":[{"start":{"line":23,"column":16},"end":{"line":23,"column":31}},{"start":{"line":23,"column":34},"end":{"line":23,"column":38}}],"line":23},"4":{"loc":{"start":{"line":40,"column":14},"end":{"line":40,"column":32}},"type":"default-arg","locations":[{"start":{"line":40,"column":23},"end":{"line":40,"column":32}}],"line":40},"5":{"loc":{"start":{"line":40,"column":34},"end":{"line":40,"column":44}},"type":"default-arg","locations":[{"start":{"line":40,"column":42},"end":{"line":40,"column":44}}],"line":40},"6":{"loc":{"start":{"line":42,"column":6},"end":{"line":48,"column":7}},"type":"if","locations":[{"start":{"line":42,"column":6},"end":{"line":48,"column":7}},{"start":{},"end":{}}],"line":42},"7":{"loc":{"start":{"line":71,"column":8},"end":{"line":71,"column":24}},"type":"default-arg","locations":[{"start":{"line":71,"column":15},"end":{"line":71,"column":24}}],"line":71},"8":{"loc":{"start":{"line":72,"column":8},"end":{"line":72,"column":24}},"type":"default-arg","locations":[{"start":{"line":72,"column":17},"end":{"line":72,"column":24}}],"line":72},"9":{"loc":{"start":{"line":73,"column":8},"end":{"line":73,"column":18}},"type":"default-arg","locations":[{"start":{"line":73,"column":16},"end":{"line":73,"column":18}}],"line":73},"10":{"loc":{"start":{"line":76,"column":6},"end":{"line":82,"column":7}},"type":"if","locations":[{"start":{"line":76,"column":6},"end":{"line":82,"column":7}},{"start":{},"end":{}}],"line":76},"11":{"loc":{"start":{"line":135,"column":52},"end":{"line":135,"column":122}},"type":"binary-expr","locations":[{"start":{"line":135,"column":52},"end":{"line":135,"column":83}},{"start":{"line":135,"column":87},"end":{"line":135,"column":122}}],"line":135},"12":{"loc":{"start":{"line":154,"column":4},"end":{"line":161,"column":5}},"type":"if","locations":[{"start":{"line":154,"column":4},"end":{"line":161,"column":5}},{"start":{},"end":{}}],"line":154},"13":{"loc":{"start":{"line":163,"column":4},"end":{"line":170,"column":5}},"type":"if","locations":[{"start":{"line":163,"column":4},"end":{"line":170,"column":5}},{"start":{},"end":{}}],"line":163},"14":{"loc":{"start":{"line":173,"column":4},"end":{"line":191,"column":5}},"type":"if","locations":[{"start":{"line":173,"column":4},"end":{"line":191,"column":5}},{"start":{},"end":{}}],"line":173},"15":{"loc":{"start":{"line":176,"column":6},"end":{"line":190,"column":7}},"type":"if","locations":[{"start":{"line":176,"column":6},"end":{"line":190,"column":7}},{"start":{"line":183,"column":13},"end":{"line":190,"column":7}}],"line":176},"16":{"loc":{"start":{"line":183,"column":13},"end":{"line":190,"column":7}},"type":"if","locations":[{"start":{"line":183,"column":13},"end":{"line":190,"column":7}},{"start":{},"end":{}}],"line":183},"17":{"loc":{"start":{"line":194,"column":4},"end":{"line":208,"column":5}},"type":"if","locations":[{"start":{"line":194,"column":4},"end":{"line":208,"column":5}},{"start":{"line":201,"column":11},"end":{"line":208,"column":5}}],"line":194},"18":{"loc":{"start":{"line":201,"column":11},"end":{"line":208,"column":5}},"type":"if","locations":[{"start":{"line":201,"column":11},"end":{"line":208,"column":5}},{"start":{},"end":{}}],"line":201}},"s":{"0":3,"1":3,"2":3,"3":0,"4":0,"5":0,"6":0,"7":0,"8":0,"9":0,"10":0,"11":0,"12":0,"13":0,"14":0,"15":0,"16":0,"17":0,"18":0,"19":0,"20":0,"21":0,"22":0,"23":0,"24":0,"25":0,"26":0,"27":0,"28":0,"29":0,"30":0,"31":0,"32":0,"33":0,"34":0,"35":0,"36":0,"37":0,"38":0,"39":0,"40":0,"41":0,"42":0,"43":0,"44":0,"45":0,"46":0,"47":0,"48":0,"49":0,"50":0,"51":0,"52":0,"53":0,"54":0,"55":0,"56":0,"57":0,"58":0,"59":0,"60":0,"61":0,"62":0,"63":0,"64":3},"f":{"0":0,"1":0,"2":0,"3":0,"4":0,"5":0,"6":0,"7":0,"8":0},"b":{"0":[0],"1":[0,0],"2":[0,0],"3":[0,0],"4":[0],"5":[0],"6":[0,0],"7":[0],"8":[0],"9":[0],"10":[0,0],"11":[0,0],"12":[0,0],"13":[0,0],"14":[0,0],"15":[0,0],"16":[0,0],"17":[0,0],"18":[0,0]},"_coverageSchema":"1a1c01bbd47fc00a2c39e90264f33305004495a9","hash":"e9aaa26bbe66d47b59af6ec179807c44508b9c27"}
,"D:\\MyProject\\Aplikasi Pengeluaran Uang\\backend\\controllers\\transaction.controller.js": {"path":"D:\\MyProject\\Aplikasi Pengeluaran Uang\\backend\\controllers\\transaction.controller.js","statementMap":{"0":{"start":{"line":1,"column":11},"end":{"line":1,"column":31}},"1":{"start":{"line":2,"column":34},"end":{"line":2,"column":36}},"2":{"start":{"line":3,"column":15},"end":{"line":3,"column":35}},"3":{"start":{"line":4,"column":22},"end":{"line":4,"column":63}},"4":{"start":{"line":5,"column":23},"end":{"line":5,"column":55}},"5":{"start":{"line":6,"column":43},"end":{"line":6,"column":79}},"6":{"start":{"line":10,"column":4},"end":{"line":42,"column":5}},"7":{"start":{"line":11,"column":21},"end":{"line":11,"column":32}},"8":{"start":{"line":12,"column":22},"end":{"line":12,"column":67}},"9":{"start":{"line":13,"column":25},"end":{"line":13,"column":73}},"10":{"start":{"line":15,"column":26},"end":{"line":15,"column":81}},"11":{"start":{"line":17,"column":44},"end":{"line":27,"column":8}},"12":{"start":{"line":29,"column":29},"end":{"line":32,"column":7}},"13":{"start":{"line":34,"column":6},"end":{"line":38,"column":8}},"14":{"start":{"line":40,"column":6},"end":{"line":40,"column":54}},"15":{"start":{"line":41,"column":6},"end":{"line":41,"column":39}},"16":{"start":{"line":46,"column":4},"end":{"line":99,"column":5}},"17":{"start":{"line":47,"column":21},"end":{"line":47,"column":32}},"18":{"start":{"line":48,"column":30},"end":{"line":48,"column":38}},"19":{"start":{"line":50,"column":23},"end":{"line":53,"column":7}},"20":{"start":{"line":55,"column":6},"end":{"line":61,"column":7}},"21":{"start":{"line":56,"column":8},"end":{"line":60,"column":10}},"22":{"start":{"line":63,"column":26},"end":{"line":66,"column":7}},"23":{"start":{"line":68,"column":25},"end":{"line":68,"column":27}},"24":{"start":{"line":69,"column":6},"end":{"line":75,"column":7}},"25":{"start":{"line":70,"column":8},"end":{"line":74,"column":10}},"26":{"start":{"line":77,"column":29},"end":{"line":83,"column":8}},"27":{"start":{"line":85,"column":27},"end":{"line":88,"column":7}},"28":{"start":{"line":90,"column":6},"end":{"line":95,"column":8}},"29":{"start":{"line":97,"column":6},"end":{"line":97,"column":56}},"30":{"start":{"line":98,"column":6},"end":{"line":98,"column":39}},"31":{"start":{"line":103,"column":4},"end":{"line":153,"column":5}},"32":{"start":{"line":104,"column":21},"end":{"line":104,"column":32}},"33":{"start":{"line":105,"column":21},"end":{"line":105,"column":31}},"34":{"start":{"line":106,"column":25},"end":{"line":106,"column":33}},"35":{"start":{"line":108,"column":26},"end":{"line":110,"column":8}},"36":{"start":{"line":112,"column":6},"end":{"line":118,"column":7}},"37":{"start":{"line":113,"column":8},"end":{"line":117,"column":10}},"38":{"start":{"line":120,"column":6},"end":{"line":133,"column":7}},"39":{"start":{"line":121,"column":27},"end":{"line":124,"column":9}},"40":{"start":{"line":126,"column":8},"end":{"line":132,"column":9}},"41":{"start":{"line":127,"column":10},"end":{"line":131,"column":12}},"42":{"start":{"line":135,"column":33},"end":{"line":135,"column":69}},"43":{"start":{"line":137,"column":21},"end":{"line":143,"column":8}},"44":{"start":{"line":145,"column":6},"end":{"line":149,"column":8}},"45":{"start":{"line":151,"column":6},"end":{"line":151,"column":56}},"46":{"start":{"line":152,"column":6},"end":{"line":152,"column":39}},"47":{"start":{"line":157,"column":4},"end":{"line":181,"column":5}},"48":{"start":{"line":158,"column":21},"end":{"line":158,"column":32}},"49":{"start":{"line":159,"column":21},"end":{"line":159,"column":31}},"50":{"start":{"line":161,"column":22},"end":{"line":163,"column":8}},"51":{"start":{"line":165,"column":6},"end":{"line":171,"column":7}},"52":{"start":{"line":166,"column":8},"end":{"line":170,"column":10}},"53":{"start":{"line":173,"column":6},"end":{"line":177,"column":8}},"54":{"start":{"line":179,"column":6},"end":{"line":179,"column":56}},"55":{"start":{"line":180,"column":6},"end":{"line":180,"column":39}},"56":{"start":{"line":185,"column":4},"end":{"line":223,"column":5}},"57":{"start":{"line":186,"column":21},"end":{"line":186,"column":32}},"58":{"start":{"line":187,"column":35},"end":{"line":187,"column":44}},"59":{"start":{"line":189,"column":24},"end":{"line":189,"column":66}},"60":{"start":{"line":190,"column":26},"end":{"line":195,"column":7}},"61":{"start":{"line":197,"column":72},"end":{"line":202,"column":8}},"62":{"start":{"line":204,"column":27},"end":{"line":213,"column":7}},"63":{"start":{"line":215,"column":6},"end":{"line":219,"column":8}},"64":{"start":{"line":221,"column":6},"end":{"line":221,"column":57}},"65":{"start":{"line":222,"column":6},"end":{"line":222,"column":39}},"66":{"start":{"line":227,"column":4},"end":{"line":252,"column":5}},"67":{"start":{"line":228,"column":21},"end":{"line":228,"column":32}},"68":{"start":{"line":229,"column":21},"end":{"line":229,"column":31}},"69":{"start":{"line":231,"column":26},"end":{"line":238,"column":8}},"70":{"start":{"line":240,"column":6},"end":{"line":246,"column":7}},"71":{"start":{"line":241,"column":8},"end":{"line":245,"column":10}},"72":{"start":{"line":248,"column":6},"end":{"line":248,"column":54}},"73":{"start":{"line":250,"column":6},"end":{"line":250,"column":60}},"74":{"start":{"line":251,"column":6},"end":{"line":251,"column":39}},"75":{"start":{"line":257,"column":4},"end":{"line":262,"column":6}},"76":{"start":{"line":266,"column":17},"end":{"line":266,"column":42}},"77":{"start":{"line":267,"column":18},"end":{"line":267,"column":45}},"78":{"start":{"line":268,"column":4},"end":{"line":272,"column":6}},"79":{"start":{"line":276,"column":24},"end":{"line":276,"column":43}},"80":{"start":{"line":278,"column":4},"end":{"line":280,"column":5}},"81":{"start":{"line":279,"column":6},"end":{"line":279,"column":38}},"82":{"start":{"line":282,"column":4},"end":{"line":284,"column":5}},"83":{"start":{"line":283,"column":6},"end":{"line":283,"column":52}},"84":{"start":{"line":286,"column":4},"end":{"line":290,"column":5}},"85":{"start":{"line":287,"column":6},"end":{"line":289,"column":8}},"86":{"start":{"line":292,"column":4},"end":{"line":292,"column":23}},"87":{"start":{"line":296,"column":4},"end":{"line":301,"column":6}},"88":{"start":{"line":305,"column":21},"end":{"line":305,"column":56}},"89":{"start":{"line":307,"column":4},"end":{"line":313,"column":5}},"90":{"start":{"line":308,"column":6},"end":{"line":312,"column":8}},"91":{"start":{"line":315,"column":4},"end":{"line":321,"column":5}},"92":{"start":{"line":316,"column":6},"end":{"line":320,"column":8}},"93":{"start":{"line":323,"column":4},"end":{"line":323,"column":39}},"94":{"start":{"line":327,"column":4},"end":{"line":334,"column":7}},"95":{"start":{"line":338,"column":16},"end":{"line":338,"column":26}},"96":{"start":{"line":340,"column":4},"end":{"line":357,"column":5}},"97":{"start":{"line":342,"column":28},"end":{"line":342,"column":79}},"98":{"start":{"line":343,"column":26},"end":{"line":343,"column":74}},"99":{"start":{"line":344,"column":8},"end":{"line":344,"column":54}},"100":{"start":{"line":347,"column":8},"end":{"line":350,"column":10}},"101":{"start":{"line":353,"column":8},"end":{"line":356,"column":10}},"102":{"start":{"line":361,"column":4},"end":{"line":363,"column":12}},"103":{"start":{"line":367,"column":4},"end":{"line":376,"column":7}},"104":{"start":{"line":380,"column":20},"end":{"line":393,"column":6}},"105":{"start":{"line":395,"column":4},"end":{"line":398,"column":8}},"106":{"start":{"line":395,"column":32},"end":{"line":398,"column":5}},"107":{"start":{"line":403,"column":0},"end":{"line":410,"column":2}}},"fnMap":{"0":{"name":"(anonymous_0)","decl":{"start":{"line":9,"column":2},"end":{"line":9,"column":3}},"loc":{"start":{"line":9,"column":41},"end":{"line":43,"column":3}},"line":9},"1":{"name":"(anonymous_1)","decl":{"start":{"line":45,"column":2},"end":{"line":45,"column":3}},"loc":{"start":{"line":45,"column":43},"end":{"line":100,"column":3}},"line":45},"2":{"name":"(anonymous_2)","decl":{"start":{"line":102,"column":2},"end":{"line":102,"column":3}},"loc":{"start":{"line":102,"column":43},"end":{"line":154,"column":3}},"line":102},"3":{"name":"(anonymous_3)","decl":{"start":{"line":156,"column":2},"end":{"line":156,"column":3}},"loc":{"start":{"line":156,"column":43},"end":{"line":182,"column":3}},"line":156},"4":{"name":"(anonymous_4)","decl":{"start":{"line":184,"column":2},"end":{"line":184,"column":3}},"loc":{"start":{"line":184,"column":43},"end":{"line":224,"column":3}},"line":184},"5":{"name":"(anonymous_5)","decl":{"start":{"line":226,"column":2},"end":{"line":226,"column":3}},"loc":{"start":{"line":226,"column":46},"end":{"line":253,"column":3}},"line":226},"6":{"name":"(anonymous_6)","decl":{"start":{"line":256,"column":2},"end":{"line":256,"column":3}},"loc":{"start":{"line":256,"column":29},"end":{"line":263,"column":3}},"line":256},"7":{"name":"(anonymous_7)","decl":{"start":{"line":265,"column":2},"end":{"line":265,"column":3}},"loc":{"start":{"line":265,"column":32},"end":{"line":273,"column":3}},"line":265},"8":{"name":"(anonymous_8)","decl":{"start":{"line":275,"column":2},"end":{"line":275,"column":3}},"loc":{"start":{"line":275,"column":43},"end":{"line":293,"column":3}},"line":275},"9":{"name":"(anonymous_9)","decl":{"start":{"line":295,"column":2},"end":{"line":295,"column":3}},"loc":{"start":{"line":295,"column":57},"end":{"line":302,"column":3}},"line":295},"10":{"name":"(anonymous_10)","decl":{"start":{"line":304,"column":2},"end":{"line":304,"column":3}},"loc":{"start":{"line":304,"column":50},"end":{"line":324,"column":3}},"line":304},"11":{"name":"(anonymous_11)","decl":{"start":{"line":326,"column":2},"end":{"line":326,"column":3}},"loc":{"start":{"line":326,"column":53},"end":{"line":335,"column":3}},"line":326},"12":{"name":"(anonymous_12)","decl":{"start":{"line":337,"column":2},"end":{"line":337,"column":3}},"loc":{"start":{"line":337,"column":30},"end":{"line":358,"column":3}},"line":337},"13":{"name":"(anonymous_13)","decl":{"start":{"line":360,"column":2},"end":{"line":360,"column":3}},"loc":{"start":{"line":360,"column":49},"end":{"line":364,"column":3}},"line":360},"14":{"name":"(anonymous_14)","decl":{"start":{"line":366,"column":2},"end":{"line":366,"column":3}},"loc":{"start":{"line":366,"column":45},"end":{"line":377,"column":3}},"line":366},"15":{"name":"(anonymous_15)","decl":{"start":{"line":379,"column":2},"end":{"line":379,"column":3}},"loc":{"start":{"line":379,"column":50},"end":{"line":399,"column":3}},"line":379},"16":{"name":"(anonymous_16)","decl":{"start":{"line":395,"column":23},"end":{"line":395,"column":24}},"loc":{"start":{"line":395,"column":32},"end":{"line":398,"column":5}},"line":395}},"branchMap":{"0":{"loc":{"start":{"line":55,"column":6},"end":{"line":61,"column":7}},"type":"if","locations":[{"start":{"line":55,"column":6},"end":{"line":61,"column":7}},{"start":{},"end":{}}],"line":55},"1":{"loc":{"start":{"line":69,"column":6},"end":{"line":75,"column":7}},"type":"if","locations":[{"start":{"line":69,"column":6},"end":{"line":75,"column":7}},{"start":{},"end":{}}],"line":69},"2":{"loc":{"start":{"line":112,"column":6},"end":{"line":118,"column":7}},"type":"if","locations":[{"start":{"line":112,"column":6},"end":{"line":118,"column":7}},{"start":{},"end":{}}],"line":112},"3":{"loc":{"start":{"line":120,"column":6},"end":{"line":133,"column":7}},"type":"if","locations":[{"start":{"line":120,"column":6},"end":{"line":133,"column":7}},{"start":{},"end":{}}],"line":120},"4":{"loc":{"start":{"line":120,"column":10},"end":{"line":120,"column":51}},"type":"binary-expr","locations":[{"start":{"line":120,"column":10},"end":{"line":120,"column":32}},{"start":{"line":120,"column":36},"end":{"line":120,"column":51}}],"line":120},"5":{"loc":{"start":{"line":126,"column":8},"end":{"line":132,"column":9}},"type":"if","locations":[{"start":{"line":126,"column":8},"end":{"line":132,"column":9}},{"start":{},"end":{}}],"line":126},"6":{"loc":{"start":{"line":165,"column":6},"end":{"line":171,"column":7}},"type":"if","locations":[{"start":{"line":165,"column":6},"end":{"line":171,"column":7}},{"start":{},"end":{}}],"line":165},"7":{"loc":{"start":{"line":187,"column":14},"end":{"line":187,"column":30}},"type":"default-arg","locations":[{"start":{"line":187,"column":23},"end":{"line":187,"column":30}}],"line":187},"8":{"loc":{"start":{"line":240,"column":6},"end":{"line":246,"column":7}},"type":"if","locations":[{"start":{"line":240,"column":6},"end":{"line":246,"column":7}},{"start":{},"end":{}}],"line":240},"9":{"loc":{"start":{"line":266,"column":17},"end":{"line":266,"column":42}},"type":"binary-expr","locations":[{"start":{"line":266,"column":17},"end":{"line":266,"column":37}},{"start":{"line":266,"column":41},"end":{"line":266,"column":42}}],"line":266},"10":{"loc":{"start":{"line":267,"column":18},"end":{"line":267,"column":45}},"type":"binary-expr","locations":[{"start":{"line":267,"column":18},"end":{"line":267,"column":39}},{"start":{"line":267,"column":43},"end":{"line":267,"column":45}}],"line":267},"11":{"loc":{"start":{"line":278,"column":4},"end":{"line":280,"column":5}},"type":"if","locations":[{"start":{"line":278,"column":4},"end":{"line":280,"column":5}},{"start":{},"end":{}}],"line":278},"12":{"loc":{"start":{"line":278,"column":8},"end":{"line":278,"column":68}},"type":"binary-expr","locations":[{"start":{"line":278,"column":8},"end":{"line":278,"column":20}},{"start":{"line":278,"column":24},"end":{"line":278,"column":68}}],"line":278},"13":{"loc":{"start":{"line":282,"column":4},"end":{"line":284,"column":5}},"type":"if","locations":[{"start":{"line":282,"column":4},"end":{"line":284,"column":5}},{"start":{},"end":{}}],"line":282},"14":{"loc":{"start":{"line":286,"column":4},"end":{"line":290,"column":5}},"type":"if","locations":[{"start":{"line":286,"column":4},"end":{"line":290,"column":5}},{"start":{},"end":{}}],"line":286},"15":{"loc":{"start":{"line":286,"column":8},"end":{"line":286,"column":46}},"type":"binary-expr","locations":[{"start":{"line":286,"column":8},"end":{"line":286,"column":26}},{"start":{"line":286,"column":30},"end":{"line":286,"column":46}}],"line":286},"16":{"loc":{"start":{"line":307,"column":4},"end":{"line":313,"column":5}},"type":"if","locations":[{"start":{"line":307,"column":4},"end":{"line":313,"column":5}},{"start":{},"end":{}}],"line":307},"17":{"loc":{"start":{"line":315,"column":4},"end":{"line":321,"column":5}},"type":"if","locations":[{"start":{"line":315,"column":4},"end":{"line":321,"column":5}},{"start":{},"end":{}}],"line":315},"18":{"loc":{"start":{"line":332,"column":19},"end":{"line":332,"column":43}},"type":"binary-expr","locations":[{"start":{"line":332,"column":19},"end":{"line":332,"column":35}},{"start":{"line":332,"column":39},"end":{"line":332,"column":43}}],"line":332},"19":{"loc":{"start":{"line":333,"column":24},"end":{"line":333,"column":59}},"type":"binary-expr","locations":[{"start":{"line":333,"column":24},"end":{"line":333,"column":45}},{"start":{"line":333,"column":49},"end":{"line":333,"column":59}}],"line":333},"20":{"loc":{"start":{"line":340,"column":4},"end":{"line":357,"column":5}},"type":"switch","locations":[{"start":{"line":341,"column":6},"end":{"line":344,"column":54}},{"start":{"line":346,"column":6},"end":{"line":350,"column":10}},{"start":{"line":352,"column":6},"end":{"line":356,"column":10}}],"line":340},"21":{"loc":{"start":{"line":361,"column":11},"end":{"line":363,"column":11}},"type":"binary-expr","locations":[{"start":{"line":361,"column":11},"end":{"line":363,"column":6}},{"start":{"line":363,"column":10},"end":{"line":363,"column":11}}],"line":361}},"s":{"0":3,"1":3,"2":3,"3":3,"4":3,"5":3,"6":3,"7":3,"8":3,"9":3,"10":3,"11":3,"12":3,"13":3,"14":0,"15":0,"16":2,"17":2,"18":2,"19":2,"20":2,"21":1,"22":1,"23":1,"24":1,"25":1,"26":1,"27":1,"28":1,"29":0,"30":0,"31":0,"32":0,"33":0,"34":0,"35":0,"36":0,"37":0,"38":0,"39":0,"40":0,"41":0,"42":0,"43":0,"44":0,"45":0,"46":0,"47":0,"48":0,"49":0,"50":0,"51":0,"52":0,"53":0,"54":0,"55":0,"56":1,"57":1,"58":1,"59":1,"60":1,"61":1,"62":1,"63":1,"64":0,"65":0,"66":0,"67":0,"68":0,"69":0,"70":0,"71":0,"72":0,"73":0,"74":0,"75":3,"76":3,"77":3,"78":3,"79":3,"80":3,"81":1,"82":3,"83":0,"84":3,"85":0,"86":3,"87":3,"88":2,"89":2,"90":0,"91":2,"92":1,"93":1,"94":1,"95":1,"96":1,"97":0,"98":0,"99":0,"100":0,"101":1,"102":2,"103":1,"104":1,"105":1,"106":1,"107":3},"f":{"0":3,"1":2,"2":0,"3":0,"4":1,"5":0,"6":3,"7":3,"8":3,"9":3,"10":2,"11":1,"12":1,"13":2,"14":1,"15":1,"16":1},"b":{"0":[1,1],"1":[1,0],"2":[0,0],"3":[0,0],"4":[0,0],"5":[0,0],"6":[0,0],"7":[1],"8":[0,0],"9":[3,2],"10":[3,2],"11":[1,2],"12":[3,1],"13":[0,3],"14":[0,3],"15":[3,0],"16":[0,2],"17":[1,1],"18":[1,0],"19":[1,1],"20":[0,0,1],"21":[2,0]},"_coverageSchema":"1a1c01bbd47fc00a2c39e90264f33305004495a9","hash":"bda385560a219fb1f9907619a471c45536a1f709"}
,"D:\\MyProject\\Aplikasi Pengeluaran Uang\\backend\\src\\services\\budget.service.js": {"path":"D:\\MyProject\\Aplikasi Pengeluaran Uang\\backend\\src\\services\\budget.service.js","statementMap":{"0":{"start":{"line":1,"column":11},"end":{"line":1,"column":34}},"1":{"start":{"line":2,"column":42},"end":{"line":2,"column":44}},"2":{"start":{"line":3,"column":15},"end":{"line":3,"column":35}},"3":{"start":{"line":4,"column":28},"end":{"line":4,"column":61}},"4":{"start":{"line":8,"column":78},"end":{"line":8,"column":88}},"5":{"start":{"line":10,"column":20},"end":{"line":10,"column":61}},"6":{"start":{"line":12,"column":27},"end":{"line":20,"column":6}},"7":{"start":{"line":22,"column":4},"end":{"line":24,"column":5}},"8":{"start":{"line":23,"column":6},"end":{"line":23,"column":76}},"9":{"start":{"line":26,"column":4},"end":{"line":35,"column":7}},"10":{"start":{"line":39,"column":54},"end":{"line":39,"column":61}},"11":{"start":{"line":41,"column":24},"end":{"line":41,"column":43}},"12":{"start":{"line":43,"column":4},"end":{"line":43,"column":59}},"13":{"start":{"line":43,"column":21},"end":{"line":43,"column":59}},"14":{"start":{"line":44,"column":4},"end":{"line":44,"column":44}},"15":{"start":{"line":44,"column":16},"end":{"line":44,"column":44}},"16":{"start":{"line":45,"column":4},"end":{"line":45,"column":67}},"17":{"start":{"line":45,"column":33},"end":{"line":45,"column":67}},"18":{"start":{"line":47,"column":4},"end":{"line":55,"column":7}},"19":{"start":{"line":59,"column":19},"end":{"line":66,"column":6}},"20":{"start":{"line":68,"column":4},"end":{"line":70,"column":5}},"21":{"start":{"line":69,"column":6},"end":{"line":69,"column":42}},"22":{"start":{"line":72,"column":23},"end":{"line":81,"column":11}},"23":{"start":{"line":83,"column":28},"end":{"line":83,"column":62}},"24":{"start":{"line":84,"column":22},"end":{"line":84,"column":61}},"25":{"start":{"line":86,"column":4},"end":{"line":95,"column":6}},"26":{"start":{"line":99,"column":24},"end":{"line":99,"column":34}},"27":{"start":{"line":101,"column":26},"end":{"line":114,"column":6}},"28":{"start":{"line":116,"column":19},"end":{"line":116,"column":21}},"29":{"start":{"line":118,"column":4},"end":{"line":171,"column":5}},"30":{"start":{"line":119,"column":25},"end":{"line":128,"column":13}},"31":{"start":{"line":130,"column":23},"end":{"line":130,"column":56}},"32":{"start":{"line":131,"column":28},"end":{"line":131,"column":60}},"33":{"start":{"line":132,"column":33},"end":{"line":132,"column":67}},"34":{"start":{"line":134,"column":37},"end":{"line":134,"column":42}},"35":{"start":{"line":135,"column":22},"end":{"line":135,"column":31}},"36":{"start":{"line":137,"column":6},"end":{"line":143,"column":7}},"37":{"start":{"line":138,"column":8},"end":{"line":138,"column":40}},"38":{"start":{"line":139,"column":8},"end":{"line":139,"column":31}},"39":{"start":{"line":140,"column":13},"end":{"line":143,"column":7}},"40":{"start":{"line":141,"column":8},"end":{"line":141,"column":40}},"41":{"start":{"line":142,"column":8},"end":{"line":142,"column":30}},"42":{"start":{"line":145,"column":6},"end":{"line":156,"column":7}},"43":{"start":{"line":146,"column":8},"end":{"line":155,"column":9}},"44":{"start":{"line":147,"column":10},"end":{"line":152,"column":12}},"45":{"start":{"line":154,"column":10},"end":{"line":154,"column":78}},"46":{"start":{"line":158,"column":6},"end":{"line":170,"column":7}},"47":{"start":{"line":159,"column":8},"end":{"line":169,"column":11}},"48":{"start":{"line":173,"column":4},"end":{"line":173,"column":18}},"49":{"start":{"line":177,"column":19},"end":{"line":187,"column":6}},"50":{"start":{"line":189,"column":4},"end":{"line":191,"column":5}},"51":{"start":{"line":190,"column":6},"end":{"line":190,"column":18}},"52":{"start":{"line":194,"column":23},"end":{"line":203,"column":11}},"53":{"start":{"line":205,"column":22},"end":{"line":205,"column":48}},"54":{"start":{"line":206,"column":28},"end":{"line":206,"column":62}},"55":{"start":{"line":208,"column":4},"end":{"line":216,"column":6}},"56":{"start":{"line":220,"column":18},"end":{"line":220,"column":37}},"57":{"start":{"line":222,"column":4},"end":{"line":231,"column":5}},"58":{"start":{"line":224,"column":8},"end":{"line":224,"column":69}},"59":{"start":{"line":226,"column":8},"end":{"line":226,"column":88}},"60":{"start":{"line":228,"column":8},"end":{"line":228,"column":88}},"61":{"start":{"line":230,"column":8},"end":{"line":230,"column":42}},"62":{"start":{"line":235,"column":0},"end":{"line":235,"column":31}}},"fnMap":{"0":{"name":"(anonymous_0)","decl":{"start":{"line":7,"column":2},"end":{"line":7,"column":3}},"loc":{"start":{"line":7,"column":48},"end":{"line":36,"column":3}},"line":7},"1":{"name":"(anonymous_1)","decl":{"start":{"line":38,"column":2},"end":{"line":38,"column":3}},"loc":{"start":{"line":38,"column":48},"end":{"line":56,"column":3}},"line":38},"2":{"name":"(anonymous_2)","decl":{"start":{"line":58,"column":2},"end":{"line":58,"column":3}},"loc":{"start":{"line":58,"column":55},"end":{"line":96,"column":3}},"line":58},"3":{"name":"(anonymous_3)","decl":{"start":{"line":98,"column":2},"end":{"line":98,"column":3}},"loc":{"start":{"line":98,"column":75},"end":{"line":174,"column":3}},"line":98},"4":{"name":"(anonymous_4)","decl":{"start":{"line":176,"column":2},"end":{"line":176,"column":3}},"loc":{"start":{"line":176,"column":49},"end":{"line":217,"column":3}},"line":176},"5":{"name":"(anonymous_5)","decl":{"start":{"line":219,"column":2},"end":{"line":219,"column":3}},"loc":{"start":{"line":219,"column":45},"end":{"line":232,"column":3}},"line":219}},"branchMap":{"0":{"loc":{"start":{"line":8,"column":53},"end":{"line":8,"column":73}},"type":"default-arg","locations":[{"start":{"line":8,"column":71},"end":{"line":8,"column":73}}],"line":8},"1":{"loc":{"start":{"line":22,"column":4},"end":{"line":24,"column":5}},"type":"if","locations":[{"start":{"line":22,"column":4},"end":{"line":24,"column":5}},{"start":{},"end":{}}],"line":22},"2":{"loc":{"start":{"line":38,"column":34},"end":{"line":38,"column":46}},"type":"default-arg","locations":[{"start":{"line":38,"column":44},"end":{"line":38,"column":46}}],"line":38},"3":{"loc":{"start":{"line":39,"column":33},"end":{"line":39,"column":49}},"type":"default-arg","locations":[{"start":{"line":39,"column":45},"end":{"line":39,"column":49}}],"line":39},"4":{"loc":{"start":{"line":43,"column":4},"end":{"line":43,"column":59}},"type":"if","locations":[{"start":{"line":43,"column":4},"end":{"line":43,"column":59}},{"start":{},"end":{}}],"line":43},"5":{"loc":{"start":{"line":44,"column":4},"end":{"line":44,"column":44}},"type":"if","locations":[{"start":{"line":44,"column":4},"end":{"line":44,"column":44}},{"start":{},"end":{}}],"line":44},"6":{"loc":{"start":{"line":45,"column":4},"end":{"line":45,"column":67}},"type":"if","locations":[{"start":{"line":45,"column":4},"end":{"line":45,"column":67}},{"start":{},"end":{}}],"line":45},"7":{"loc":{"start":{"line":68,"column":4},"end":{"line":70,"column":5}},"type":"if","locations":[{"start":{"line":68,"column":4},"end":{"line":70,"column":5}},{"start":{},"end":{}}],"line":68},"8":{"loc":{"start":{"line":72,"column":23},"end":{"line":81,"column":11}},"type":"binary-expr","locations":[{"start":{"line":72,"column":23},"end":{"line":81,"column":6}},{"start":{"line":81,"column":10},"end":{"line":81,"column":11}}],"line":72},"9":{"loc":{"start":{"line":119,"column":25},"end":{"line":128,"column":13}},"type":"binary-expr","locations":[{"start":{"line":119,"column":25},"end":{"line":128,"column":8}},{"start":{"line":128,"column":12},"end":{"line":128,"column":13}}],"line":119},"10":{"loc":{"start":{"line":137,"column":6},"end":{"line":143,"column":7}},"type":"if","locations":[{"start":{"line":137,"column":6},"end":{"line":143,"column":7}},{"start":{"line":140,"column":13},"end":{"line":143,"column":7}}],"line":137},"11":{"loc":{"start":{"line":137,"column":10},"end":{"line":137,"column":65}},"type":"binary-expr","locations":[{"start":{"line":137,"column":10},"end":{"line":137,"column":34}},{"start":{"line":137,"column":38},"end":{"line":137,"column":65}}],"line":137},"12":{"loc":{"start":{"line":140,"column":13},"end":{"line":143,"column":7}},"type":"if","locations":[{"start":{"line":140,"column":13},"end":{"line":143,"column":7}},{"start":{},"end":{}}],"line":140},"13":{"loc":{"start":{"line":140,"column":17},"end":{"line":140,"column":103}},"type":"binary-expr","locations":[{"start":{"line":140,"column":17},"end":{"line":140,"column":56}},{"start":{"line":140,"column":60},"end":{"line":140,"column":103}}],"line":140},"14":{"loc":{"start":{"line":145,"column":6},"end":{"line":156,"column":7}},"type":"if","locations":[{"start":{"line":145,"column":6},"end":{"line":156,"column":7}},{"start":{},"end":{}}],"line":145},"15":{"loc":{"start":{"line":158,"column":6},"end":{"line":170,"column":7}},"type":"if","locations":[{"start":{"line":158,"column":6},"end":{"line":170,"column":7}},{"start":{},"end":{}}],"line":158},"16":{"loc":{"start":{"line":165,"column":19},"end":{"line":167,"column":65}},"type":"cond-expr","locations":[{"start":{"line":166,"column":14},"end":{"line":166,"column":32}},{"start":{"line":167,"column":14},"end":{"line":167,"column":65}}],"line":165},"17":{"loc":{"start":{"line":189,"column":4},"end":{"line":191,"column":5}},"type":"if","locations":[{"start":{"line":189,"column":4},"end":{"line":191,"column":5}},{"start":{},"end":{}}],"line":189},"18":{"loc":{"start":{"line":194,"column":23},"end":{"line":203,"column":11}},"type":"binary-expr","locations":[{"start":{"line":194,"column":23},"end":{"line":203,"column":6}},{"start":{"line":203,"column":10},"end":{"line":203,"column":11}}],"line":194},"19":{"loc":{"start":{"line":222,"column":4},"end":{"line":231,"column":5}},"type":"switch","locations":[{"start":{"line":223,"column":6},"end":{"line":224,"column":69}},{"start":{"line":225,"column":6},"end":{"line":226,"column":88}},{"start":{"line":227,"column":6},"end":{"line":228,"column":88}},{"start":{"line":229,"column":6},"end":{"line":230,"column":42}}],"line":222}},"s":{"0":4,"1":4,"2":4,"3":4,"4":6,"5":6,"6":6,"7":6,"8":2,"9":4,"10":1,"11":1,"12":1,"13":0,"14":1,"15":0,"16":1,"17":1,"18":1,"19":0,"20":0,"21":0,"22":0,"23":0,"24":0,"25":0,"26":2,"27":2,"28":2,"29":2,"30":1,"31":1,"32":1,"33":1,"34":1,"35":1,"36":1,"37":0,"38":0,"39":1,"40":1,"41":1,"42":1,"43":1,"44":1,"45":0,"46":1,"47":1,"48":2,"49":1,"50":1,"51":0,"52":1,"53":1,"54":1,"55":1,"56":6,"57":6,"58":0,"59":6,"60":0,"61":0,"62":4},"f":{"0":6,"1":1,"2":0,"3":2,"4":1,"5":6},"b":{"0":[5],"1":[2,4],"2":[0],"3":[1],"4":[0,1],"5":[0,1],"6":[1,0],"7":[0,0],"8":[0,0],"9":[1,0],"10":[0,1],"11":[1,0],"12":[1,0],"13":[1,1],"14":[1,0],"15":[1,0],"16":[0,1],"17":[0,1],"18":[1,0],"19":[0,6,0,0]},"_coverageSchema":"1a1c01bbd47fc00a2c39e90264f33305004495a9","hash":"68544d4198461995125bee748e2e9626101bae93"}
,"D:\\MyProject\\Aplikasi Pengeluaran Uang\\backend\\src\\services\\notification.service.js": {"path":"D:\\MyProject\\Aplikasi Pengeluaran Uang\\backend\\src\\services\\notification.service.js","statementMap":{"0":{"start":{"line":1,"column":11},"end":{"line":1,"column":34}},"1":{"start":{"line":2,"column":41},"end":{"line":2,"column":43}},"2":{"start":{"line":3,"column":15},"end":{"line":3,"column":35}},"3":{"start":{"line":7,"column":93},"end":{"line":7,"column":109}},"4":{"start":{"line":9,"column":4},"end":{"line":17,"column":7}},"5":{"start":{"line":21,"column":54},"end":{"line":21,"column":61}},"6":{"start":{"line":23,"column":24},"end":{"line":29,"column":5}},"7":{"start":{"line":31,"column":4},"end":{"line":31,"column":61}},"8":{"start":{"line":31,"column":31},"end":{"line":31,"column":61}},"9":{"start":{"line":32,"column":4},"end":{"line":32,"column":38}},"10":{"start":{"line":32,"column":14},"end":{"line":32,"column":38}},"11":{"start":{"line":34,"column":43},"end":{"line":39,"column":6}},"12":{"start":{"line":41,"column":4},"end":{"line":49,"column":6}},"13":{"start":{"line":53,"column":24},"end":{"line":56,"column":5}},"14":{"start":{"line":58,"column":27},"end":{"line":61,"column":5}},"15":{"start":{"line":63,"column":4},"end":{"line":63,"column":24}},"16":{"start":{"line":67,"column":27},"end":{"line":75,"column":5}},"17":{"start":{"line":77,"column":4},"end":{"line":77,"column":24}},"18":{"start":{"line":81,"column":4},"end":{"line":86,"column":7}},"19":{"start":{"line":90,"column":4},"end":{"line":99,"column":7}},"20":{"start":{"line":104,"column":33},"end":{"line":104,"column":43}},"21":{"start":{"line":105,"column":23},"end":{"line":105,"column":71}},"22":{"start":{"line":109,"column":4},"end":{"line":119,"column":5}},"23":{"start":{"line":110,"column":6},"end":{"line":110,"column":52}},"24":{"start":{"line":111,"column":6},"end":{"line":111,"column":145}},"25":{"start":{"line":112,"column":6},"end":{"line":112,"column":26}},"26":{"start":{"line":113,"column":6},"end":{"line":113,"column":31}},"27":{"start":{"line":115,"column":6},"end":{"line":115,"column":51}},"28":{"start":{"line":116,"column":6},"end":{"line":116,"column":162}},"29":{"start":{"line":117,"column":6},"end":{"line":117,"column":24}},"30":{"start":{"line":118,"column":6},"end":{"line":118,"column":28}},"31":{"start":{"line":121,"column":4},"end":{"line":134,"column":7}},"32":{"start":{"line":139,"column":40},"end":{"line":139,"column":55}},"33":{"start":{"line":141,"column":4},"end":{"line":148,"column":7}},"34":{"start":{"line":153,"column":4},"end":{"line":159,"column":7}},"35":{"start":{"line":163,"column":4},"end":{"line":167,"column":22}},"36":{"start":{"line":171,"column":0},"end":{"line":171,"column":37}}},"fnMap":{"0":{"name":"(anonymous_0)","decl":{"start":{"line":6,"column":2},"end":{"line":6,"column":3}},"loc":{"start":{"line":6,"column":60},"end":{"line":18,"column":3}},"line":6},"1":{"name":"(anonymous_1)","decl":{"start":{"line":20,"column":2},"end":{"line":20,"column":3}},"loc":{"start":{"line":20,"column":54},"end":{"line":50,"column":3}},"line":20},"2":{"name":"(anonymous_2)","decl":{"start":{"line":52,"column":2},"end":{"line":52,"column":3}},"loc":{"start":{"line":52,"column":51},"end":{"line":64,"column":3}},"line":52},"3":{"name":"(anonymous_3)","decl":{"start":{"line":66,"column":2},"end":{"line":66,"column":3}},"loc":{"start":{"line":66,"column":37},"end":{"line":78,"column":3}},"line":66},"4":{"name":"(anonymous_4)","decl":{"start":{"line":80,"column":2},"end":{"line":80,"column":3}},"loc":{"start":{"line":80,"column":58},"end":{"line":87,"column":3}},"line":80},"5":{"name":"(anonymous_5)","decl":{"start":{"line":89,"column":2},"end":{"line":89,"column":3}},"loc":{"start":{"line":89,"column":38},"end":{"line":100,"column":3}},"line":89},"6":{"name":"(anonymous_6)","decl":{"start":{"line":103,"column":2},"end":{"line":103,"column":3}},"loc":{"start":{"line":103,"column":89},"end":{"line":135,"column":3}},"line":103},"7":{"name":"(anonymous_7)","decl":{"start":{"line":138,"column":2},"end":{"line":138,"column":3}},"loc":{"start":{"line":138,"column":70},"end":{"line":149,"column":3}},"line":138},"8":{"name":"(anonymous_8)","decl":{"start":{"line":152,"column":2},"end":{"line":152,"column":3}},"loc":{"start":{"line":152,"column":81},"end":{"line":160,"column":3}},"line":152},"9":{"name":"(anonymous_9)","decl":{"start":{"line":162,"column":2},"end":{"line":162,"column":3}},"loc":{"start":{"line":162,"column":32},"end":{"line":168,"column":3}},"line":162}},"branchMap":{"0":{"loc":{"start":{"line":7,"column":34},"end":{"line":7,"column":53}},"type":"default-arg","locations":[{"start":{"line":7,"column":45},"end":{"line":7,"column":53}}],"line":7},"1":{"loc":{"start":{"line":7,"column":55},"end":{"line":7,"column":70}},"type":"default-arg","locations":[{"start":{"line":7,"column":66},"end":{"line":7,"column":70}}],"line":7},"2":{"loc":{"start":{"line":7,"column":72},"end":{"line":7,"column":88}},"type":"default-arg","locations":[{"start":{"line":7,"column":84},"end":{"line":7,"column":88}}],"line":7},"3":{"loc":{"start":{"line":20,"column":40},"end":{"line":20,"column":52}},"type":"default-arg","locations":[{"start":{"line":20,"column":50},"end":{"line":20,"column":52}}],"line":20},"4":{"loc":{"start":{"line":21,"column":27},"end":{"line":21,"column":37}},"type":"default-arg","locations":[{"start":{"line":21,"column":35},"end":{"line":21,"column":37}}],"line":21},"5":{"loc":{"start":{"line":21,"column":39},"end":{"line":21,"column":49}},"type":"default-arg","locations":[{"start":{"line":21,"column":48},"end":{"line":21,"column":49}}],"line":21},"6":{"loc":{"start":{"line":31,"column":4},"end":{"line":31,"column":61}},"type":"if","locations":[{"start":{"line":31,"column":4},"end":{"line":31,"column":61}},{"start":{},"end":{}}],"line":31},"7":{"loc":{"start":{"line":32,"column":4},"end":{"line":32,"column":38}},"type":"if","locations":[{"start":{"line":32,"column":4},"end":{"line":32,"column":38}},{"start":{},"end":{}}],"line":32},"8":{"loc":{"start":{"line":55,"column":10},"end":{"line":55,"column":89}},"type":"cond-expr","locations":[{"start":{"line":55,"column":43},"end":{"line":55,"column":71}},{"start":{"line":55,"column":74},"end":{"line":55,"column":89}}],"line":55},"9":{"loc":{"start":{"line":103,"column":66},"end":{"line":103,"column":87}},"type":"default-arg","locations":[{"start":{"line":103,"column":78},"end":{"line":103,"column":87}}],"line":103}
[...]
"15":{"start":{"line":54,"column":13},"end":{"line":61,"column":7}},"16":{"start":{"line":55,"column":26},"end":{"line":55,"column":39}},"17":{"start":{"line":56,"column":8},"end":{"line":56,"column":66}},"18":{"start":{"line":57,"column":8},"end":{"line":57,"column":32}},"19":{"start":{"line":58,"column":8},"end":{"line":58,"column":40}},"20":{"start":{"line":59,"column":8},"end":{"line":59,"column":51}},"21":{"start":{"line":60,"column":8},"end":{"line":60,"column":102}},"22":{"start":{"line":63,"column":26},"end":{"line":68,"column":7}},"23":{"start":{"line":70,"column":32},"end":{"line":73,"column":8}},"24":{"start":{"line":75,"column":6},"end":{"line":81,"column":9}},"25":{"start":{"line":84,"column":4},"end":{"line":88,"column":6}},"26":{"start":{"line":92,"column":22},"end":{"line":92,"column":56}},"27":{"start":{"line":94,"column":20},"end":{"line":116,"column":6}},"28":{"start":{"line":118,"column":24},"end":{"line":122,"column":6}},"29":{"start":{"line":124,"column":4},"end":{"line":130,"column":8}},"30":{"start":{"line":124,"column":32},"end":{"line":130,"column":5}},"31":{"start":{"line":134,"column":24},"end":{"line":134,"column":34}},"32":{"start":{"line":136,"column":26},"end":{"line":148,"column":6}},"33":{"start":{"line":150,"column":27},"end":{"line":150,"column":29}},"34":{"start":{"line":152,"column":4},"end":{"line":185,"column":5}},"35":{"start":{"line":153,"column":20},"end":{"line":162,"column":13}},"36":{"start":{"line":164,"column":30},"end":{"line":164,"column":59}},"37":{"start":{"line":165,"column":24},"end":{"line":165,"column":58}},"38":{"start":{"line":166,"column":23},"end":{"line":166,"column":99}},"39":{"start":{"line":168,"column":6},"end":{"line":184,"column":9}},"40":{"start":{"line":187,"column":4},"end":{"line":187,"column":88}},"41":{"start":{"line":187,"column":41},"end":{"line":187,"column":86}},"42":{"start":{"line":191,"column":16},"end":{"line":191,"column":26}},"43":{"start":{"line":193,"column":4},"end":{"line":224,"column":5}},"44":{"start":{"line":195,"column":28},"end":{"line":195,"column":79}},"45":{"start":{"line":196,"column":26},"end":{"line":196,"column":74}},"46":{"start":{"line":197,"column":8},"end":{"line":197,"column":54}},"47":{"start":{"line":200,"column":27},"end":{"line":200,"column":52}},"48":{"start":{"line":201,"column":8},"end":{"line":204,"column":10}},"49":{"start":{"line":207,"column":8},"end":{"line":212,"column":9}},"50":{"start":{"line":208,"column":10},"end":{"line":211,"column":12}},"51":{"start":{"line":214,"column":8},"end":{"line":217,"column":10}},"52":{"start":{"line":220,"column":8},"end":{"line":223,"column":10}},"53":{"start":{"line":228,"column":22},"end":{"line":228,"column":67}},"54":{"start":{"line":229,"column":4},"end":{"line":229,"column":70}},"55":{"start":{"line":233,"column":4},"end":{"line":233,"column":59}},"56":{"start":{"line":237,"column":48},"end":{"line":240,"column":6}},"57":{"start":{"line":242,"column":4},"end":{"line":245,"column":6}},"58":{"start":{"line":249,"column":20},"end":{"line":263,"column":6}},"59":{"start":{"line":265,"column":4},"end":{"line":269,"column":8}},"60":{"start":{"line":265,"column":32},"end":{"line":269,"column":5}},"61":{"start":{"line":273,"column":4},"end":{"line":273,"column":39}},"62":{"start":{"line":273,"column":27},"end":{"line":273,"column":39}},"63":{"start":{"line":275,"column":26},"end":{"line":275,"column":51}},"64":{"start":{"line":276,"column":27},"end":{"line":276,"column":52}},"65":{"start":{"line":278,"column":25},"end":{"line":278,"column":100}},"66":{"start":{"line":279,"column":26},"end":{"line":279,"column":103}},"67":{"start":{"line":281,"column":4},"end":{"line":294,"column":6}},"68":{"start":{"line":298,"column":4},"end":{"line":298,"column":54}},"69":{"start":{"line":298,"column":24},"end":{"line":298,"column":54}},"70":{"start":{"line":299,"column":4},"end":{"line":299,"column":63}},"71":{"start":{"line":303,"column":4},"end":{"line":303,"column":48}},"72":{"start":{"line":303,"column":27},"end":{"line":303,"column":48}},"73":{"start":{"line":304,"column":4},"end":{"line":304,"column":50}},"74":{"start":{"line":304,"column":33},"end":{"line":304,"column":50}},"75":{"start":{"line":305,"column":4},"end":{"line":305,"column":44}},"76":{"start":{"line":305,"column":26},"end":{"line":305,"column":44}},"77":{"start":{"line":306,"column":4},"end":{"line":306,"column":18}},"78":{"start":{"line":310,"column":0},"end":{"line":310,"column":31}}},"fnMap":{"0":{"name":"(anonymous_0)","decl":{"start":{"line":6,"column":2},"end":{"line":6,"column":3}},"loc":{"start":{"line":6,"column":88},"end":{"line":41,"column":3}},"line":6},"1":{"name":"(anonymous_1)","decl":{"start":{"line":43,"column":2},"end":{"line":43,"column":3}},"loc":{"start":{"line":43,"column":72},"end":{"line":89,"column":3}},"line":43},"2":{"name":"(anonymous_2)","decl":{"start":{"line":91,"column":2},"end":{"line":91,"column":3}},"loc":{"start":{"line":91,"column":88},"end":{"line":131,"column":3}},"line":91},"3":{"name":"(anonymous_3)","decl":{"start":{"line":124,"column":23},"end":{"line":124,"column":24}},"loc":{"start":{"line":124,"column":32},"end":{"line":130,"column":5}},"line":124},"4":{"name":"(anonymous_4)","decl":{"start":{"line":133,"column":2},"end":{"line":133,"column":3}},"loc":{"start":{"line":133,"column":41},"end":{"line":188,"column":3}},"line":133},"5":{"name":"(anonymous_5)","decl":{"start":{"line":187,"column":31},"end":{"line":187,"column":32}},"loc":{"start":{"line":187,"column":41},"end":{"line":187,"column":86}},"line":187},"6":{"name":"(anonymous_6)","decl":{"start":{"line":190,"column":2},"end":{"line":190,"column":3}},"loc":{"start":{"line":190,"column":66},"end":{"line":225,"column":3}},"line":190},"7":{"name":"(anonymous_7)","decl":{"start":{"line":227,"column":2},"end":{"line":227,"column":3}},"loc":{"start":{"line":227,"column":56},"end":{"line":230,"column":3}},"line":227},"8":{"name":"(anonymous_8)","decl":{"start":{"line":232,"column":2},"end":{"line":232,"column":3}},"loc":{"start":{"line":232,"column":48},"end":{"line":234,"column":3}},"line":232},"9":{"name":"(anonymous_9)","decl":{"start":{"line":236,"column":2},"end":{"line":236,"column":3}},"loc":{"start":{"line":236,"column":49},"end":{"line":246,"column":3}},"line":236},"10":{"name":"(anonymous_10)","decl":{"start":{"line":248,"column":2},"end":{"line":248,"column":3}},"loc":{"start":{"line":248,"column":53},"end":{"line":270,"column":3}},"line":248},"11":{"name":"(anonymous_11)","decl":{"start":{"line":265,"column":23},"end":{"line":265,"column":24}},"loc":{"start":{"line":265,"column":32},"end":{"line":269,"column":5}},"line":265},"12":{"name":"(anonymous_12)","decl":{"start":{"line":272,"column":2},"end":{"line":272,"column":3}},"loc":{"start":{"line":272,"column":31},"end":{"line":295,"column":3}},"line":272},"13":{"name":"(anonymous_13)","decl":{"start":{"line":297,"column":2},"end":{"line":297,"column":3}},"loc":{"start":{"line":297,"column":55},"end":{"line":300,"column":3}},"line":297},"14":{"name":"(anonymous_14)","decl":{"start":{"line":302,"column":2},"end":{"line":302,"column":3}},"loc":{"start":{"line":302,"column":48},"end":{"line":307,"column":3}},"line":302}},"branchMap":{"0":{"loc":{"start":{"line":6,"column":43},"end":{"line":6,"column":59}},"type":"default-arg","locations":[{"start":{"line":6,"column":52},"end":{"line":6,"column":59}}],"line":6},"1":{"loc":{"start":{"line":6,"column":61},"end":{"line":6,"column":72}},"type":"default-arg","locations":[{"start":{"line":6,"column":68},"end":{"line":6,"column":72}}],"line":6},"2":{"loc":{"start":{"line":6,"column":74},"end":{"line":6,"column":86}},"type":"default-arg","locations":[{"start":{"line":6,"column":82},"end":{"line":6,"column":86}}],"line":6},"3":{"loc":{"start":{"line":34,"column":25},"end":{"line":34,"column":101}},"type":"cond-expr","locations":[{"start":{"line":34,"column":48},"end":{"line":34,"column":97}},{"start":{"line":34,"column":100},"end":{"line":34,"column":101}}],"line":34},"4":{"loc":{"start":{"line":43,"column":40},"end":{"line":43,"column":58}},"type":"default-arg","locations":[{"start":{"line":43,"column":49},"end":{"line":43,"column":58}}],"line":43},"5":{"loc":{"start":{"line":43,"column":60},"end":{"line":43,"column":70}},"type":"default-arg","locations":[{"start":{"line":43,"column":68},"end":{"line":43,"column":70}}],"line":43},"6":{"loc":{"start":{"line":50,"column":6},"end":{"line":61,"column":7}},"type":"if","locations":[{"start":{"line":50,"column":6},"end":{"line":61,"column":7}},{"start":{"line":54,"column":13},"end":{"line":61,"column":7}}],"line":50},"7":{"loc":{"start":{"line":54,"column":13},"end":{"line":61,"column":7}},"type":"if","locations":[{"start":{"line":54,"column":13},"end":{"line":61,"column":7}},{"start":{},"end":{}}],"line":54},"8":{"loc":{"start":{"line":91,"column":40},"end":{"line":91,"column":56}},"type":"default-arg","locations":[{"start":{"line":91,"column":47},"end":{"line":91,"column":56}}],"line":91},"9":{"loc":{"start":{"line":91,"column":58},"end":{"line":91,"column":74}},"type":"default-arg","locations":[{"start":{"line":91,"column":67},"end":{"line":91,"column":74}}],"line":91},"10":{"loc":{"start":{"line":91,"column":76},"end":{"line":91,"column":86}},"type":"default-arg","locations":[{"start":{"line":91,"column":84},"end":{"line":91,"column":86}}],"line":91},"11":{"loc":{"start":{"line":129,"column":18},"end":{"line":129,"column":94}},"type":"cond-expr","locations":[{"start":{"line":129,"column":36},"end":{"line":129,"column":90}},{"start":{"line":129,"column":93},"end":{"line":129,"column":94}}],"line":129},"12":{"loc":{"start":{"line":153,"column":20},"end":{"line":162,"column":13}},"type":"binary-expr","locations":[{"start":{"line":153,"column":20},"end":{"line":162,"column":8}},{"start":{"line":162,"column":12},"end":{"line":162,"column":13}}],"line":153},"13":{"loc":{"start":{"line":190,"column":39},"end":{"line":190,"column":50}},"type":"default-arg","locations":[{"start":{"line":190,"column":46},"end":{"line":190,"column":50}}],"line":190},"14":{"loc":{"start":{"line":190,"column":52},"end":{"line":190,"column":64}},"type":"default-arg","locations":[{"start":{"line":190,"column":60},"end":{"line":190,"column":64}}],"line":190},"15":{"loc":{"start":{"line":193,"column":4},"end":{"line":224,"column":5}},"type":"switch","locations":[{"start":{"line":194,"column":6},"end":{"line":197,"column":54}},{"start":{"line":199,"column":6},"end":{"line":204,"column":10}},{"start":{"line":206,"column":6},"end":{"line":217,"column":10}},{"start":{"line":219,"column":6},"end":{"line":223,"column":10}}],"line":193},"16":{"loc":{"start":{"line":200,"column":27},"end":{"line":200,"column":52}},"type":"binary-expr","locations":[{"start":{"line":200,"column":27},"end":{"line":200,"column":31}},{"start":{"line":200,"column":35},"end":{"line":200,"column":52}}],"line":200},"17":{"loc":{"start":{"line":207,"column":8},"end":{"line":212,"column":9}},"type":"if","locations":[{"start":{"line":207,"column":8},"end":{"line":212,"column":9}},{"start":{},"end":{}}],"line":207},"18":{"loc":{"start":{"line":207,"column":12},"end":{"line":207,"column":25}},"type":"binary-expr","locations":[{"start":{"line":207,"column":12},"end":{"line":207,"column":16}},{"start":{"line":207,"column":20},"end":{"line":207,"column":25}}],"line":207},"19":{"loc":{"start":{"line":227,"column":43},"end":{"line":227,"column":54}},"type":"default-arg","locations":[{"start":{"line":227,"column":50},"end":{"line":227,"column":54}}],"line":227},"20":{"loc":{"start":{"line":228,"column":22},"end":{"line":228,"column":67}},"type":"cond-expr","locations":[{"start":{"line":228,"column":29},"end":{"line":228,"column":53}},{"start":{"line":228,"column":56},"end":{"line":228,"column":67}}],"line":228},"21":{"loc":{"start":{"line":229,"column":11},"end":{"line":229,"column":69}},"type":"binary-expr","locations":[{"start":{"line":229,"column":11},"end":{"line":229,"column":64}},{"start":{"line":229,"column":68},"end":{"line":229,"column":69}}],"line":229},"22":{"loc":{"start":{"line":273,"column":4},"end":{"line":273,"column":39}},"type":"if","locations":[{"start":{"line":273,"column":4},"end":{"line":273,"column":39}},{"start":{},"end":{}}],"line":273},"23":{"loc":{"start":{"line":286,"column":19},"end":{"line":286,"column":81}},"type":"cond-expr","locations":[{"start":{"line":286,"column":38},"end":{"line":286,"column":42}},{"start":{"line":286,"column":45},"end":{"line":286,"column":81}}],"line":286},"24":{"loc":{"start":{"line":286,"column":45},"end":{"line":286,"column":81}},"type":"cond-expr","locations":[{"start":{"line":286,"column":64},"end":{"line":286,"column":70}},{"start":{"line":286,"column":73},"end":{"line":286,"column":81}}],"line":286},"25":{"loc":{"start":{"line":292,"column":19},"end":{"line":292,"column":83}},"type":"cond-expr","locations":[{"start":{"line":292,"column":39},"end":{"line":292,"column":43}},{"start":{"line":292,"column":46},"end":{"line":292,"column":83}}],"line":292},"26":{"loc":{"start":{"line":292,"column":46},"end":{"line":292,"column":83}},"type":"cond-expr","locations":[{"start":{"line":292,"column":66},"end":{"line":292,"column":72}},{"start":{"line":292,"column":75},"end":{"line":292,"column":83}}],"line":292},"27":{"loc":{"start":{"line":298,"column":4},"end":{"line":298,"column":54}},"type":"if","locations":[{"start":{"line":298,"column":4},"end":{"line":298,"column":54}},{"start":{},"end":{}}],"line":298},"28":{"loc":{"start":{"line":298,"column":31},"end":{"line":298,"column":53}},"type":"cond-expr","locations":[{"start":{"line":298,"column":46},"end":{"line":298,"column":49}},{"start":{"line":298,"column":52},"end":{"line":298,"column":53}}],"line":298},"29":{"loc":{"start":{"line":303,"column":4},"end":{"line":303,"column":48}},"type":"if","locations":[{"start":{"line":303,"column":4},"end":{"line":303,"column":48}},{"start":{},"end":{}}],"line":303},"30":{"loc":{"start":{"line":304,"column":4},"end":{"line":304,"column":50}},"type":"if","locations":[{"start":{"line":304,"column":4},"end":{"line":304,"column":50}},{"start":{},"end":{}}],"line":304},"31":{"loc":{"start":{"line":305,"column":4},"end":{"line":305,"column":44}},"type":"if","locations":[{"start":{"line":305,"column":4},"end":{"line":305,"column":44}},{"start":{},"end":{}}],"line":305}},"s":{"0":3,"1":3,"2":3,"3":0,"4":0,"5":0,"6":0,"7":0,"8":0,"9":0,"10":0,"11":0,"12":0,"13":0,"14":0,"15":0,"16":0,"17":0,"18":0,"19":0,"20":0,"21":0,"22":0,"23":0,"24":0,"25":0,"26":0,"27":0,"28":0,"29":0,"30":0,"31":0,"32":0,"33":0,"34":0,"35":0,"36":0,"37":0,"38":0,"39":0,"40":0,"41":0,"42":0,"43":0,"44":0,"45":0,"46":0,"47":0,"48":0,"49":0,"50":0,"51":0,"52":0,"53":0,"54":0,"55":0,"56":0,"57":0,"58":0,"59":0,"60":0,"61":0,"62":0,"63":0,"64":0,"65":0,"66":0,"67":0,"68":0,"69":0,"70":0,"71":0,"72":0,"73":0,"74":0,"75":0,"76":0,"77":0,"78":3},"f":{"0":0,"1":0,"2":0,"3":0,"4":0,"5":0,"6":0,"7":0,"8":0,"9":0,"10":0,"11":0,"12":0,"13":0,"14":0},"b":{"0":[0],"1":[0],"2":[0],"3":[0,0],"4":[0],"5":[0],"6":[0,0],"7":[0,0],"8":[0],"9":[0],"10":[0],"11":[0,0],"12":[0,0],"13":[0],"14":[0],"15":[0,0,0,0],"16":[0,0],"17":[0,0],"18":[0,0],"19":[0],"20":[0,0],"21":[0,0],"22":[0,0],"23":[0,0],"24":[0,0],"25":[0,0],"26":[0,0],"27":[0,0],"28":[0,0],"29":[0,0],"30":[0,0],"31":[0,0]},"_coverageSchema":"1a1c01bbd47fc00a2c39e90264f33305004495a9","hash":"cba2e1ec26f5a091e7969a7e52b22fc71986b484"}
,"D:\\MyProject\\Aplikasi Pengeluaran Uang\\backend\\src\\utils\\response.js": {"path":"D:\\MyProject\\Aplikasi Pengeluaran Uang\\backend\\src\\utils\\response.js","statementMap":{"0":{"start":{"line":1,"column":43},"end":{"line":1,"column":75}},"1":{"start":{"line":5,"column":4},"end":{"line":9,"column":7}},"2":{"start":{"line":13,"column":4},"end":{"line":17,"column":7}},"3":{"start":{"line":21,"column":4},"end":{"line":26,"column":7}},"4":{"start":{"line":30,"column":0},"end":{"line":30,"column":32}}},"fnMap":{"0":{"name":"(anonymous_0)","decl":{"start":{"line":4,"column":2},"end":{"line":4,"column":3}},"loc":{"start":{"line":4,"column":107},"end":{"line":10,"column":3}},"line":4},"1":{"name":"(anonymous_1)","decl":{"start":{"line":12,"column":2},"end":{"line":12,"column":3}},"loc":{"start":{"line":12,"column":130},"end":{"line":18,"column":3}},"line":12},"2":{"name":"(anonymous_2)","decl":{"start":{"line":20,"column":2},"end":{"line":20,"column":3}},"loc":{"start":{"line":20,"column":89},"end":{"line":27,"column":3}},"line":20}},"branchMap":{"0":{"loc":{"start":{"line":4,"column":22},"end":{"line":4,"column":33}},"type":"default-arg","locations":[{"start":{"line":4,"column":29},"end":{"line":4,"column":33}}],"line":4},"1":{"loc":{"start":{"line":4,"column":35},"end":{"line":4,"column":80}},"type":"default-arg","locations":[{"start":{"line":4,"column":45},"end":{"line":4,"column":80}}],"line":4},"2":{"loc":{"start":{"line":4,"column":82},"end":{"line":4,"column":105}},"type":"default-arg","locations":[{"start":{"line":4,"column":91},"end":{"line":4,"column":105}}],"line":4},"3":{"loc":{"start":{"line":12,"column":20},"end":{"line":12,"column":69}},"type":"default-arg","locations":[{"start":{"line":12,"column":30},"end":{"line":12,"column":69}}],"line":12},"4":{"loc":{"start":{"line":12,"column":71},"end":{"line":12,"column":113}},"type":"default-arg","locations":[{"start":{"line":12,"column":80},"end":{"line":12,"column":113}}],"line":12},"5":{"loc":{"start":{"line":12,"column":115},"end":{"line":12,"column":128}},"type":"default-arg","locations":[{"start":{"line":12,"column":124},"end":{"line":12,"column":128}}],"line":12},"6":{"loc":{"start":{"line":20,"column":42},"end":{"line":20,"column":87}},"type":"default-arg","locations":[{"start":{"line":20,"column":52},"end":{"line":20,"column":87}}],"line":20}},"s":{"0":3,"1":15,"2":7,"3":3,"4":3},"f":{"0":15,"1":7,"2":3},"b":{"0":[0],"1":[1],"2":[10],"3":[0],"4":[0],"5":[5],"6":[3]},"_coverageSchema":"1a1c01bbd47fc00a2c39e90264f33305004495a9","hash":"dd5240cf842f3790c285d9336dd7f1363fcf0837"}
,"D:\\MyProject\\Aplikasi Pengeluaran Uang\\backend\\src\\utils\\validation.js": {"path":"D:\\MyProject\\Aplikasi Pengeluaran Uang\\backend\\src\\utils\\validation.js","statementMap":{"0":{"start":{"line":1,"column":49},"end":{"line":1,"column":77}},"1":{"start":{"line":2,"column":23},"end":{"line":2,"column":44}},"2":{"start":{"line":3,"column":43},"end":{"line":3,"column":75}},"3":{"start":{"line":6,"column":34},"end":{"line":17,"column":3}},"4":{"start":{"line":7,"column":19},"end":{"line":7,"column":40}},"5":{"start":{"line":8,"column":4},"end":{"line":15,"column":5}},"6":{"start":{"line":9,"column":6},"end":{"line":14,"column":8}},"7":{"start":{"line":16,"column":4},"end":{"line":16,"column":11}},"8":{"start":{"line":20,"column":28},"end":{"line":25,"column":3}},"9":{"start":{"line":27,"column":25},"end":{"line":31,"column":3}},"10":{"start":{"line":33,"column":32},"end":{"line":36,"column":3}},"11":{"start":{"line":39,"column":34},"end":{"line":45,"column":3}},"12":{"start":{"line":48,"column":32},"end":{"line":55,"column":3}},"13":{"start":{"line":58,"column":37},"end":{"line":65,"column":3}},"14":{"start":{"line":68,"column":30},"end":{"line":73,"column":3}},"15":{"start":{"line":76,"column":27},"end":{"line":79,"column":3}},"16":{"start":{"line":82,"column":0},"end":{"line":82,"column":34}}},"fnMap":{"0":{"name":"(anonymous_0)","decl":{"start":{"line":6,"column":34},"end":{"line":6,"column":35}},"loc":{"start":{"line":6,"column":54},"end":{"line":17,"column":3}},"line":6}},"branchMap":{"0":{"loc":{"start":{"line":8,"column":4},"end":{"line":15,"column":5}},"type":"if","locations":[{"start":{"line":8,"column":4},"end":{"line":15,"column":5}},{"start":{},"end":{}}],"line":8}},"s":{"0":3,"1":3,"2":3,"3":3,"4":21,"5":21,"6":2,"7":19,"8":3,"9":3,"10":3,"11":3,"12":3,"13":3,"14":3,"15":3,"16":3},"f":{"0":21},"b":{"0":[2,19]},"_coverageSchema":"1a1c01bbd47fc00a2c39e90264f33305004495a9","hash":"15e7dc6da6c23800739b1dd305302a2d90e3064c"}
}
