TN:
SF:controllers\auth.controller.js
FN:8,(anonymous_0)
FN:46,(anonymous_1)
FN:90,(anonymous_2)
FN:109,(anonymous_3)
FN:124,(anonymous_4)
FN:153,(anonymous_5)
FNF:6
FNH:4
FNDA:3,(anonymous_0)
FNDA:8,(anonymous_1)
FNDA:1,(anonymous_2)
FNDA:0,(anonymous_3)
FNDA:0,(anonymous_4)
FNDA:8,(anonymous_5)
DA:1,3
DA:2,3
DA:3,3
DA:4,3
DA:5,3
DA:9,3
DA:10,3
DA:12,3
DA:13,3
DA:14,1
DA:21,2
DA:23,2
DA:25,2
DA:34,2
DA:41,0
DA:42,0
DA:47,8
DA:48,8
DA:50,8
DA:51,8
DA:52,1
DA:59,7
DA:60,7
DA:61,1
DA:68,6
DA:70,6
DA:79,6
DA:85,0
DA:86,0
DA:91,1
DA:92,1
DA:94,1
DA:95,0
DA:102,1
DA:104,0
DA:105,0
DA:110,0
DA:111,0
DA:113,0
DA:119,0
DA:120,0
DA:125,0
DA:126,0
DA:127,0
DA:128,0
DA:129,0
DA:136,0
DA:141,0
DA:147,0
DA:148,0
DA:154,8
DA:155,8
DA:163,3
LF:53
LH:32
BRDA:13,0,0,1
BRDA:13,0,1,2
BRDA:51,1,0,1
BRDA:51,1,1,7
BRDA:60,2,0,1
BRDA:60,2,1,6
BRDA:94,3,0,0
BRDA:94,3,1,1
BRDA:128,4,0,0
BRDA:128,4,1,0
BRF:10
BRH:7
end_of_record
TN:
SF:controllers\budget.controller.js
FN:8,(anonymous_0)
FN:39,(anonymous_1)
FN:44,(anonymous_2)
FN:60,(anonymous_3)
FN:96,(anonymous_4)
FN:126,(anonymous_5)
FNF:6
FNH:4
FNDA:3,(anonymous_0)
FNDA:1,(anonymous_1)
FNDA:1,(anonymous_2)
FNDA:1,(anonymous_3)
FNDA:0,(anonymous_4)
FNDA:0,(anonymous_5)
DA:1,3
DA:2,3
DA:3,3
DA:4,3
DA:5,3
DA:9,3
DA:10,3
DA:11,3
DA:13,2
DA:18,2
DA:25,1
DA:27,1
DA:28,1
DA:35,0
DA:40,1
DA:41,1
DA:42,1
DA:44,1
DA:49,1
DA:55,0
DA:56,0
DA:61,1
DA:62,1
DA:63,1
DA:64,1
DA:66,1
DA:67,0
DA:75,1
DA:85,1
DA:91,0
DA:92,0
DA:97,0
DA:98,0
DA:99,0
DA:101,0
DA:105,0
DA:106,0
DA:113,0
DA:115,0
DA:121,0
DA:122,0
DA:127,0
DA:128,0
DA:129,0
DA:131,0
DA:135,0
DA:136,0
DA:143,0
DA:149,0
DA:150,0
DA:155,3
LF:51
LH:26
BRDA:27,0,0,1
BRDA:27,0,1,0
BRDA:66,1,0,0
BRDA:66,1,1,1
BRDA:78,2,0,1
BRDA:78,2,1,0
BRDA:105,3,0,0
BRDA:105,3,1,0
BRDA:135,4,0,0
BRDA:135,4,1,0
BRF:10
BRH:3
end_of_record
TN:
SF:controllers\category.controller.js
FN:26,(anonymous_0)
FN:52,(anonymous_1)
FN:86,(anonymous_2)
FN:128,(anonymous_3)
FN:156,(anonymous_4)
FN:164,(anonymous_5)
FN:168,(anonymous_6)
FN:170,(anonymous_7)
FNF:8
FNH:0
FNDA:0,(anonymous_0)
FNDA:0,(anonymous_1)
FNDA:0,(anonymous_2)
FNDA:0,(anonymous_3)
FNDA:0,(anonymous_4)
FNDA:0,(anonymous_5)
FNDA:0,(anonymous_6)
FNDA:0,(anonymous_7)
DA:1,3
DA:2,3
DA:3,3
DA:4,3
DA:6,3
DA:27,0
DA:28,0
DA:29,0
DA:31,0
DA:37,0
DA:38,0
DA:41,0
DA:47,0
DA:48,0
DA:53,0
DA:54,0
DA:57,0
DA:58,0
DA:65,0
DA:72,0
DA:74,0
DA:81,0
DA:82,0
DA:87,0
DA:88,0
DA:89,0
DA:91,0
DA:92,0
DA:93,0
DA:101,0
DA:102,0
DA:109,0
DA:110,0
DA:111,0
DA:112,0
DA:113,0
DA:115,0
DA:117,0
DA:123,0
DA:124,0
DA:129,0
DA:130,0
DA:132,0
DA:136,0
DA:137,0
DA:144,0
DA:150,0
DA:151,0
DA:157,0
DA:158,0
DA:159,0
DA:161,0
DA:165,0
DA:169,0
DA:170,0
DA:173,0
DA:181,3
LF:57
LH:6
BRDA:37,0,0,0
BRDA:37,0,1,0
BRDA:57,1,0,0
BRDA:57,1,1,0
BRDA:68,2,0,0
BRDA:68,2,1,0
BRDA:69,3,0,0
BRDA:69,3,1,0
BRDA:92,4,0,0
BRDA:92,4,1,0
BRDA:101,5,0,0
BRDA:101,5,1,0
BRDA:101,6,0,0
BRDA:101,6,1,0
BRDA:110,7,0,0
BRDA:110,7,1,0
BRDA:111,8,0,0
BRDA:111,8,1,0
BRDA:112,9,0,0
BRDA:112,9,1,0
BRDA:113,10,0,0
BRDA:113,10,1,0
BRDA:136,11,0,0
BRDA:136,11,1,0
BRDA:158,12,0,0
BRDA:158,12,1,0
BRDA:158,13,0,0
BRDA:158,13,1,0
BRF:28
BRH:0
end_of_record
TN:
SF:controllers\notification.controller.js
FN:6,(anonymous_0)
FN:29,(anonymous_1)
FN:55,(anonymous_2)
FN:71,(anonymous_3)
FN:97,(anonymous_4)
FNF:5
FNH:0
FNDA:0,(anonymous_0)
FNDA:0,(anonymous_1)
FNDA:0,(anonymous_2)
FNDA:0,(anonymous_3)
FNDA:0,(anonymous_4)
DA:1,3
DA:2,3
DA:3,3
DA:7,0
DA:8,0
DA:9,0
DA:16,0
DA:18,0
DA:24,0
DA:25,0
DA:30,0
DA:31,0
DA:32,0
DA:34,0
DA:35,0
DA:42,0
DA:44,0
DA:50,0
DA:51,0
DA:56,0
DA:57,0
DA:58,0
DA:60,0
DA:66,0
DA:67,0
DA:72,0
DA:73,0
DA:74,0
DA:76,0
DA:78,0
DA:79,0
DA:86,0
DA:92,0
DA:93,0
DA:98,0
DA:99,0
DA:100,0
DA:102,0
DA:108,0
DA:109,0
DA:114,3
LF:41
LH:4
BRDA:12,0,0,0
BRDA:12,0,1,0
BRDA:13,1,0,0
BRDA:13,1,1,0
BRDA:34,2,0,0
BRDA:34,2,1,0
BRDA:34,3,0,0
BRDA:34,3,1,0
BRDA:78,4,0,0
BRDA:78,4,1,0
BRF:10
BRH:0
end_of_record
TN:
SF:controllers\reminder.controller.js
FN:6,(anonymous_0)
FN:23,(anonymous_1)
FN:39,(anonymous_2)
FN:66,(anonymous_3)
FN:92,(anonymous_4)
FN:119,(anonymous_5)
FN:134,(anonymous_6)
FNF:7
FNH:0
FNDA:0,(anonymous_0)
FNDA:0,(anonymous_1)
FNDA:0,(anonymous_2)
FNDA:0,(anonymous_3)
FNDA:0,(anonymous_4)
FNDA:0,(anonymous_5)
FNDA:0,(anonymous_6)
DA:1,3
DA:2,3
DA:3,3
DA:7,0
DA:8,0
DA:9,0
DA:11,0
DA:18,0
DA:19,0
DA:24,0
DA:25,0
DA:26,0
DA:28,0
DA:34,0
DA:35,0
DA:40,0
DA:41,0
DA:42,0
DA:44,0
DA:46,0
DA:52,0
DA:54,0
DA:55,0
DA:62,0
DA:67,0
DA:68,0
DA:69,0
DA:71,0
DA:73,0
DA:74,0
DA:81,0
DA:87,0
DA:88,0
DA:93,0
DA:94,0
DA:95,0
DA:97,0
DA:99,0
DA:105,0
DA:107,0
DA:108,0
DA:115,0
DA:120,0
DA:121,0
DA:123,0
DA:129,0
DA:130,0
DA:135,0
DA:138,0
DA:140,0
DA:146,0
DA:147,0
DA:152,3
LF:53
LH:4
BRDA:54,0,0,0
BRDA:54,0,1,0
BRDA:73,1,0,0
BRDA:73,1,1,0
BRDA:102,2,0,0
BRDA:102,2,1,0
BRDA:107,3,0,0
BRDA:107,3,1,0
BRF:8
BRH:0
end_of_record
TN:
SF:controllers\report.controller.js
FN:6,(anonymous_0)
FN:37,(anonymous_1)
FN:67,(anonymous_2)
FN:102,(anonymous_3)
FN:118,(anonymous_4)
FN:135,(anonymous_5)
FN:147,(anonymous_6)
FN:151,(anonymous_7)
FN:152,(anonymous_8)
FNF:9
FNH:0
FNDA:0,(anonymous_0)
FNDA:0,(anonymous_1)
FNDA:0,(anonymous_2)
FNDA:0,(anonymous_3)
FNDA:0,(anonymous_4)
FNDA:0,(anonymous_5)
FNDA:0,(anonymous_6)
FNDA:0,(anonymous_7)
FNDA:0,(anonymous_8)
DA:1,3
DA:2,3
DA:3,3
DA:7,0
DA:8,0
DA:9,0
DA:11,0
DA:12,0
DA:19,0
DA:26,0
DA:32,0
DA:33,0
DA:38,0
DA:39,0
DA:40,0
DA:42,0
DA:43,0
DA:50,0
DA:56,0
DA:62,0
DA:63,0
DA:68,0
DA:69,0
DA:74,0
DA:76,0
DA:77,0
DA:84,0
DA:91,0
DA:97,0
DA:98,0
DA:103,0
DA:104,0
DA:105,0
DA:107,0
DA:113,0
DA:114,0
DA:119,0
DA:120,0
DA:122,0
DA:128,0
DA:130,0
DA:135,0
DA:141,0
DA:142,0
DA:148,0
DA:151,0
DA:152,0
DA:154,0
DA:155,0
DA:163,0
DA:164,0
DA:173,0
DA:174,0
DA:176,0
DA:177,0
DA:183,0
DA:184,0
DA:194,0
DA:195,0
DA:201,0
DA:202,0
DA:210,0
DA:214,3
LF:63
LH:4
BRDA:9,0,0,0
BRDA:11,1,0,0
BRDA:11,1,1,0
BRDA:22,2,0,0
BRDA:22,2,1,0
BRDA:23,3,0,0
BRDA:23,3,1,0
BRDA:40,4,0,0
BRDA:40,5,0,0
BRDA:42,6,0,0
BRDA:42,6,1,0
BRDA:71,7,0,0
BRDA:72,8,0,0
BRDA:73,9,0,0
BRDA:76,10,0,0
BRDA:76,10,1,0
BRDA:135,11,0,0
BRDA:135,11,1,0
BRDA:154,12,0,0
BRDA:154,12,1,0
BRDA:163,13,0,0
BRDA:163,13,1,0
BRDA:173,14,0,0
BRDA:173,14,1,0
BRDA:176,15,0,0
BRDA:176,15,1,0
BRDA:183,16,0,0
BRDA:183,16,1,0
BRDA:194,17,0,0
BRDA:194,17,1,0
BRDA:201,18,0,0
BRDA:201,18,1,0
BRF:32
BRH:0
end_of_record
TN:
SF:controllers\transaction.controller.js
FN:9,(anonymous_0)
FN:45,(anonymous_1)
FN:102,(anonymous_2)
FN:156,(anonymous_3)
FN:184,(anonymous_4)
FN:226,(anonymous_5)
FN:256,(anonymous_6)
FN:265,(anonymous_7)
FN:275,(anonymous_8)
FN:295,(anonymous_9)
FN:304,(anonymous_10)
FN:326,(anonymous_11)
FN:337,(anonymous_12)
FN:360,(anonymous_13)
FN:366,(anonymous_14)
FN:379,(anonymous_15)
FN:395,(anonymous_16)
FNF:17
FNH:14
FNDA:3,(anonymous_0)
FNDA:2,(anonymous_1)
FNDA:0,(anonymous_2)
FNDA:0,(anonymous_3)
FNDA:1,(anonymous_4)
FNDA:0,(anonymous_5)
FNDA:3,(anonymous_6)
FNDA:3,(anonymous_7)
FNDA:3,(anonymous_8)
FNDA:3,(anonymous_9)
FNDA:2,(anonymous_10)
FNDA:1,(anonymous_11)
FNDA:1,(anonymous_12)
FNDA:2,(anonymous_13)
FNDA:1,(anonymous_14)
FNDA:1,(anonymous_15)
FNDA:1,(anonymous_16)
DA:1,3
DA:2,3
DA:3,3
DA:4,3
DA:5,3
DA:6,3
DA:10,3
DA:11,3
DA:12,3
DA:13,3
DA:15,3
DA:17,3
DA:29,3
DA:34,3
DA:40,0
DA:41,0
DA:46,2
DA:47,2
DA:48,2
DA:50,2
DA:55,2
DA:56,1
DA:63,1
DA:68,1
DA:69,1
DA:70,1
DA:77,1
DA:85,1
DA:90,1
DA:97,0
DA:98,0
DA:103,0
DA:104,0
DA:105,0
DA:106,0
DA:108,0
DA:112,0
DA:113,0
DA:120,0
DA:121,0
DA:126,0
DA:127,0
DA:135,0
DA:137,0
DA:145,0
DA:151,0
DA:152,0
DA:157,0
DA:158,0
DA:159,0
DA:161,0
DA:165,0
DA:166,0
DA:173,0
DA:179,0
DA:180,0
DA:185,1
DA:186,1
DA:187,1
DA:189,1
DA:190,1
DA:197,1
DA:204,1
DA:215,1
DA:221,0
DA:222,0
DA:227,0
DA:228,0
DA:229,0
DA:231,0
DA:240,0
DA:241,0
DA:248,0
DA:250,0
DA:251,0
DA:257,3
DA:266,3
DA:267,3
DA:268,3
DA:276,3
DA:278,3
DA:279,1
DA:282,3
DA:283,0
DA:286,3
DA:287,0
DA:292,3
DA:296,3
DA:305,2
DA:307,2
DA:308,0
DA:315,2
DA:316,1
DA:323,1
DA:327,1
DA:338,1
DA:340,1
DA:342,0
DA:343,0
DA:344,0
DA:347,0
DA:353,1
DA:361,2
DA:367,1
DA:380,1
DA:395,1
DA:403,3
LF:107
LH:60
BRDA:55,0,0,1
BRDA:55,0,1,1
BRDA:69,1,0,1
BRDA:69,1,1,0
BRDA:112,2,0,0
BRDA:112,2,1,0
BRDA:120,3,0,0
BRDA:120,3,1,0
BRDA:120,4,0,0
BRDA:120,4,1,0
BRDA:126,5,0,0
BRDA:126,5,1,0
BRDA:165,6,0,0
BRDA:165,6,1,0
BRDA:187,7,0,1
BRDA:240,8,0,0
BRDA:240,8,1,0
BRDA:266,9,0,3
BRDA:266,9,1,2
BRDA:267,10,0,3
BRDA:267,10,1,2
BRDA:278,11,0,1
BRDA:278,11,1,2
BRDA:278,12,0,3
BRDA:278,12,1,1
BRDA:282,13,0,0
BRDA:282,13,1,3
BRDA:286,14,0,0
BRDA:286,14,1,3
BRDA:286,15,0,3
BRDA:286,15,1,0
BRDA:307,16,0,0
BRDA:307,16,1,2
BRDA:315,17,0,1
BRDA:315,17,1,1
BRDA:332,18,0,1
BRDA:332,18,1,0
BRDA:333,19,0,1
BRDA:333,19,1,1
BRDA:340,20,0,0
BRDA:340,20,1,0
BRDA:340,20,2,1
BRDA:361,21,0,2
BRDA:361,21,1,0
BRF:44
BRH:23
end_of_record
TN:
SF:src\services\budget.service.js
FN:7,(anonymous_0)
FN:38,(anonymous_1)
FN:58,(anonymous_2)
FN:98,(anonymous_3)
FN:176,(anonymous_4)
FN:219,(anonymous_5)
FNF:6
FNH:5
FNDA:6,(anonymous_0)
FNDA:1,(anonymous_1)
FNDA:0,(anonymous_2)
FNDA:2,(anonymous_3)
FNDA:1,(anonymous_4)
FNDA:6,(anonymous_5)
DA:1,4
DA:2,4
DA:3,4
DA:4,4
DA:8,6
DA:10,6
DA:12,6
DA:22,6
DA:23,2
DA:26,4
DA:39,1
DA:41,1
DA:43,1
DA:44,1
DA:45,1
DA:47,1
DA:59,0
DA:68,0
DA:69,0
DA:72,0
DA:83,0
DA:84,0
DA:86,0
DA:99,2
DA:101,2
DA:116,2
DA:118,2
DA:119,1
DA:130,1
DA:131,1
DA:132,1
DA:134,1
DA:135,1
DA:137,1
DA:138,0
DA:139,0
DA:140,1
DA:141,1
DA:142,1
DA:145,1
DA:146,1
DA:147,1
DA:154,0
DA:158,1
DA:159,1
DA:173,2
DA:177,1
DA:189,1
DA:190,0
DA:194,1
DA:205,1
DA:206,1
DA:208,1
DA:220,6
DA:222,6
DA:224,0
DA:226,6
DA:228,0
DA:230,0
DA:235,4
LF:60
LH:46
BRDA:8,0,0,5
BRDA:22,1,0,2
BRDA:22,1,1,4
BRDA:38,2,0,0
BRDA:39,3,0,1
BRDA:43,4,0,0
BRDA:43,4,1,1
BRDA:44,5,0,0
BRDA:44,5,1,1
BRDA:45,6,0,1
BRDA:45,6,1,0
BRDA:68,7,0,0
BRDA:68,7,1,0
BRDA:72,8,0,0
BRDA:72,8,1,0
BRDA:119,9,0,1
BRDA:119,9,1,0
BRDA:137,10,0,0
BRDA:137,10,1,1
BRDA:137,11,0,1
BRDA:137,11,1,0
BRDA:140,12,0,1
BRDA:140,12,1,0
BRDA:140,13,0,1
BRDA:140,13,1,1
BRDA:145,14,0,1
BRDA:145,14,1,0
BRDA:158,15,0,1
BRDA:158,15,1,0
BRDA:165,16,0,0
BRDA:165,16,1,1
BRDA:189,17,0,0
BRDA:189,17,1,1
BRDA:194,18,0,1
BRDA:194,18,1,0
BRDA:222,19,0,0
BRDA:222,19,1,6
BRDA:222,19,2,0
BRDA:222,19,3,0
BRF:39
BRH:19
end_of_record
TN:
SF:src\services\notification.service.js
FN:6,(anonymous_0)
FN:20,(anonymous_1)
FN:52,(anonymous_2)
FN:66,(anonymous_3)
FN:80,(anonymous_4)
FN:89,(anonymous_5)
FN:103,(anonymous_6)
FN:138,(anonymous_7)
FN:152,(anonymous_8)
FN:162,(anonymous_9)
FNF:10
FNH:0
FNDA:0,(anonymous_0)
FNDA:0,(anonymous_1)
FNDA:0,(anonymous_2)
FNDA:0,(anonymous_3)
FNDA:0,(anonymous_4)
FNDA:0,(anonymous_5)
FNDA:0,(anonymous_6)
FNDA:0,(anonymous_7)
FNDA:0,(anonymous_8)
FNDA:0,(anonymous_9)
DA:1,3
DA:2,3
DA:3,3
DA:7,0
DA:9,0
DA:21,0
DA:23,0
DA:31,0
DA:32,0
DA:34,0
DA:41,0
DA:53,0
DA:58,0
DA:63,0
DA:67,0
DA:77,0
DA:81,0
DA:90,0
DA:104,0
DA:105,0
DA:109,0
DA:110,0
DA:111,0
DA:112,0
DA:113,0
DA:115,0
DA:116,0
DA:117,0
DA:118,0
DA:121,0
DA:139,0
DA:141,0
DA:153,0
DA:163,0
DA:171,3
LF:35
LH:4
BRDA:7,0,0,0
BRDA:7,1,0,0
BRDA:7,2,0,0
BRDA:20,3,0,0
BRDA:21,4,0,0
BRDA:21,5,0,0
BRDA:31,6,0,0
BRDA:31,6,1,0
BRDA:32,7,0,0
BRDA:32,7,1,0
BRDA:55,8,0,0
BRDA:55,8,1,0
BRDA:103,9,0,0
BRDA:109,10,0,0
BRDA:109,10,1,0
BRDA:152,11,0,0
BRF:16
BRH:0
end_of_record
TN:
SF:src\services\reminder.service.js
FN:7,(anonymous_0)
FN:31,(anonymous_1)
FN:45,(anonymous_2)
FN:65,(anonymous_3)
FN:74,(anonymous_4)
FN:86,(anonymous_5)
FN:140,(anonymous_6)
FN:181,(anonymous_7)
FN:202,(anonymous_8)
FNF:9
FNH:0
FNDA:0,(anonymous_0)
FNDA:0,(anonymous_1)
FNDA:0,(anonymous_2)
FNDA:0,(anonymous_3)
FNDA:0,(anonymous_4)
FNDA:0,(anonymous_5)
FNDA:0,(anonymous_6)
FNDA:0,(anonymous_7)
FNDA:0,(anonymous_8)
DA:1,3
DA:2,3
DA:3,3
DA:4,3
DA:15,0
DA:17,0
DA:19,0
DA:32,0
DA:34,0
DA:35,0
DA:36,0
DA:38,0
DA:46,0
DA:50,0
DA:51,0
DA:54,0
DA:55,0
DA:56,0
DA:58,0
DA:62,0
DA:66,0
DA:75,0
DA:79,0
DA:80,0
DA:83,0
DA:87,0
DA:89,0
DA:105,0
DA:107,0
DA:108,0
DA:110,0
DA:111,0
DA:123,0
DA:124,0
DA:126,0
DA:127,0
DA:130,0
DA:132,0
DA:133,0
DA:137,0
DA:141,0
DA:142,0
DA:144,0
DA:162,0
DA:164,0
DA:165,0
DA:166,0
DA:172,0
DA:174,0
DA:178,0
DA:182,0
DA:184,0
DA:186,0
DA:187,0
DA:189,0
DA:190,0
DA:192,0
DA:193,0
DA:195,0
DA:198,0
DA:203,0
DA:232,3
LF:62
LH:5
BRDA:12,0,0,0
BRDA:14,1,0,0
BRDA:17,2,0,0
BRDA:17,2,1,0
BRDA:31,3,0,0
BRDA:32,4,0,0
BRDA:32,5,0,0
BRDA:35,6,0,0
BRDA:35,6,1,0
BRDA:36,7,0,0
BRDA:36,7,1,0
BRDA:50,8,0,0
BRDA:50,8,1,0
BRDA:54,9,0,0
BRDA:54,9,1,0
BRDA:54,10,0,0
BRDA:54,10,1,0
BRDA:55,11,0,0
BRDA:55,11,1,0
BRDA:56,12,0,0
BRDA:56,12,1,0
BRDA:58,13,0,0
BRDA:58,13,1,0
BRDA:79,14,0,0
BRDA:79,14,1,0
BRDA:113,15,0,0
BRDA:113,15,1,0
BRDA:123,16,0,0
BRDA:123,16,1,0
BRDA:184,17,0,0
BRDA:184,17,1,0
BRDA:184,17,2,0
BRDA:184,17,3,0
BRF:33
BRH:0
end_of_record
TN:
SF:src\services\report.service.js
FN:6,(anonymous_0)
FN:43,(anonymous_1)
FN:91,(anonymous_2)
FN:124,(anonymous_3)
FN:133,(anonymous_4)
FN:187,(anonymous_5)
FN:190,(anonymous_6)
FN:227,(anonymous_7)
FN:232,(anonymous_8)
FN:236,(anonymous_9)
FN:248,(anonymous_10)
FN:265,(anonymous_11)
FN:272,(anonymous_12)
FN:297,(anonymous_13)
FN:302,(anonymous_14)
FNF:15
FNH:0
FNDA:0,(anonymous_0)
FNDA:0,(anonymous_1)
FNDA:0,(anonymous_2)
FNDA:0,(anonymous_3)
FNDA:0,(anonymous_4)
FNDA:0,(anonymous_5)
FNDA:0,(anonymous_6)
FNDA:0,(anonymous_7)
FNDA:0,(anonymous_8)
FNDA:0,(anonymous_9)
FNDA:0,(anonymous_10)
FNDA:0,(anonymous_11)
FNDA:0,(anonymous_12)
FNDA:0,(anonymous_13)
FNDA:0,(anonymous_14)
DA:1,3
DA:2,3
DA:3,3
DA:7,0
DA:9,0
DA:16,0
DA:23,0
DA:44,0
DA:45,0
DA:47,0
DA:50,0
DA:51,0
DA:52,0
DA:53,0
DA:54,0
DA:55,0
DA:56,0
DA:57,0
DA:58,0
DA:59,0
DA:60,0
DA:63,0
DA:70,0
DA:75,0
DA:84,0
DA:92,0
DA:94,0
DA:118,0
DA:124,0
DA:134,0
DA:136,0
DA:150,0
DA:152,0
DA:153,0
DA:164,0
DA:165,0
DA:166,0
DA:168,0
DA:187,0
DA:191,0
DA:193,0
DA:195,0
DA:196,0
DA:197,0
DA:200,0
DA:201,0
DA:207,0
DA:208,0
DA:214,0
DA:220,0
DA:228,0
DA:229,0
DA:233,0
DA:237,0
DA:242,0
DA:249,0
DA:265,0
DA:273,0
DA:275,0
DA:276,0
DA:278,0
DA:279,0
DA:281,0
DA:298,0
DA:299,0
DA:303,0
DA:304,0
DA:305,0
DA:306,0
DA:310,3
LF:70
LH:4
BRDA:6,0,0,0
BRDA:6,1,0,0
BRDA:6,2,0,0
BRDA:34,3,0,0
BRDA:34,3,1,0
BRDA:43,4,0,0
BRDA:43,5,0,0
BRDA:50,6,0,0
BRDA:50,6,1,0
BRDA:54,7,0,0
BRDA:54,7,1,0
BRDA:91,8,0,0
BRDA:91,9,0,0
BRDA:91,10,0,0
BRDA:129,11,0,0
BRDA:129,11,1,0
BRDA:153,12,0,0
BRDA:153,12,1,0
BRDA:190,13,0,0
BRDA:190,14,0,0
BRDA:193,15,0,0
BRDA:193,15,1,0
BRDA:193,15,2,0
BRDA:193,15,3,0
BRDA:200,16,0,0
BRDA:200,16,1,0
BRDA:207,17,0,0
BRDA:207,17,1,0
BRDA:207,18,0,0
BRDA:207,18,1,0
BRDA:227,19,0,0
BRDA:228,20,0,0
BRDA:228,20,1,0
BRDA:229,21,0,0
BRDA:229,21,1,0
BRDA:273,22,0,0
BRDA:273,22,1,0
BRDA:286,23,0,0
BRDA:286,23,1,0
BRDA:286,24,0,0
BRDA:286,24,1,0
BRDA:292,25,0,0
BRDA:292,25,1,0
BRDA:292,26,0,0
BRDA:292,26,1,0
BRDA:298,27,0,0
BRDA:298,27,1,0
BRDA:298,28,0,0
BRDA:298,28,1,0
BRDA:303,29,0,0
BRDA:303,29,1,0
BRDA:304,30,0,0
BRDA:304,30,1,0
BRDA:305,31,0,0
BRDA:305,31,1,0
BRF:55
BRH:0
end_of_record
TN:
SF:src\utils\response.js
FN:4,(anonymous_0)
FN:12,(anonymous_1)
FN:20,(anonymous_2)
FNF:3
FNH:3
FNDA:15,(anonymous_0)
FNDA:7,(anonymous_1)
FNDA:3,(anonymous_2)
DA:1,3
DA:5,15
DA:13,7
DA:21,3
DA:30,3
LF:5
LH:5
BRDA:4,0,0,0
BRDA:4,1,0,1
BRDA:4,2,0,10
BRDA:12,3,0,0
BRDA:12,4,0,0
BRDA:12,5,0,5
BRDA:20,6,0,3
BRF:7
BRH:4
end_of_record
TN:
SF:src\utils\validation.js
FN:6,(anonymous_0)
FNF:1
FNH:1
FNDA:21,(anonymous_0)
DA:1,3
DA:2,3
DA:3,3
DA:6,3
DA:7,21
DA:8,21
DA:9,2
DA:16,19
DA:20,3
DA:27,3
DA:33,3
DA:39,3
DA:48,3
DA:58,3
DA:68,3
DA:76,3
DA:82,3
LF:17
LH:17
BRDA:8,0,0,2
BRDA:8,0,1,19
BRF:2
BRH:2
end_of_record
